<?xml version="1.0" encoding="UTF-8"?>
<coverage generated="1631655115444" clover="3.2.0">
  <project timestamp="1631655115444" name="All files">
    <metrics statements="437" coveredstatements="437" conditionals="131" coveredconditionals="129" methods="93" coveredmethods="92" elements="661" coveredelements="658" complexity="0" loc="437" ncloc="437" packages="6" files="29" classes="29"/>
    <package name="assets.fonts">
      <metrics statements="2" coveredstatements="2" conditionals="0" coveredconditionals="0" methods="0" coveredmethods="0"/>
      <file name="JustAnotherHand-Regular.ttf" path="C:\Users\ashee\Documents\Javascript\React\React Native\suduko\assets\fonts\JustAnotherHand-Regular.ttf">
        <metrics statements="1" coveredstatements="1" conditionals="0" coveredconditionals="0" methods="0" coveredmethods="0"/>
        <line num="1" count="1" type="stmt"/>
      </file>
      <file name="SpaceMono-Regular.ttf" path="C:\Users\ashee\Documents\Javascript\React\React Native\suduko\assets\fonts\SpaceMono-Regular.ttf">
        <metrics statements="1" coveredstatements="1" conditionals="0" coveredconditionals="0" methods="0" coveredmethods="0"/>
        <line num="1" count="1" type="stmt"/>
      </file>
    </package>
    <package name="assets.images">
      <metrics statements="1" coveredstatements="1" conditionals="0" coveredconditionals="0" methods="0" coveredmethods="0"/>
      <file name="square.jpg" path="C:\Users\ashee\Documents\Javascript\React\React Native\suduko\assets\images\square.jpg">
        <metrics statements="1" coveredstatements="1" conditionals="0" coveredconditionals="0" methods="0" coveredmethods="0"/>
        <line num="1" count="1" type="stmt"/>
      </file>
    </package>
    <package name="components">
      <metrics statements="253" coveredstatements="253" conditionals="48" coveredconditionals="48" methods="54" coveredmethods="53"/>
      <file name="Board.tsx" path="C:\Users\ashee\Documents\Javascript\React\React Native\suduko\components\Board.tsx">
        <metrics statements="5" coveredstatements="5" conditionals="0" coveredconditionals="0" methods="1" coveredmethods="1"/>
        <line num="1" count="1" type="stmt"/>
        <line num="2" count="1" type="stmt"/>
        <line num="4" count="1" type="stmt"/>
        <line num="8" count="53" type="stmt"/>
        <line num="80" count="1" type="stmt"/>
      </file>
      <file name="DifficultySelection.tsx" path="C:\Users\ashee\Documents\Javascript\React\React Native\suduko\components\DifficultySelection.tsx">
        <metrics statements="31" coveredstatements="31" conditionals="0" coveredconditionals="0" methods="9" coveredmethods="9"/>
        <line num="1" count="1" type="stmt"/>
        <line num="2" count="1" type="stmt"/>
        <line num="5" count="1" type="stmt"/>
        <line num="6" count="1" type="stmt"/>
        <line num="7" count="1" type="stmt"/>
        <line num="9" count="1" type="stmt"/>
        <line num="12" count="10" type="stmt"/>
        <line num="15" count="10" type="stmt"/>
        <line num="21" count="40" type="stmt"/>
        <line num="22" count="10" type="stmt"/>
        <line num="24" count="10" type="stmt"/>
        <line num="26" count="10" type="stmt"/>
        <line num="33" count="10" type="stmt"/>
        <line num="38" count="10" type="stmt"/>
        <line num="40" count="4" type="stmt"/>
        <line num="42" count="4" type="stmt"/>
        <line num="43" count="36" type="stmt"/>
        <line num="44" count="4" type="stmt"/>
        <line num="47" count="4" type="stmt"/>
        <line num="48" count="4" type="stmt"/>
        <line num="50" count="4" type="stmt"/>
        <line num="52" count="4" type="stmt"/>
        <line num="55" count="4" type="stmt"/>
        <line num="57" count="4" type="stmt"/>
        <line num="59" count="10" type="stmt"/>
        <line num="64" count="1" type="stmt"/>
        <line num="74" count="1" type="stmt"/>
        <line num="81" count="1" type="stmt"/>
        <line num="88" count="1" type="stmt"/>
        <line num="95" count="1" type="stmt"/>
        <line num="104" count="1" type="stmt"/>
      </file>
      <file name="GameDisplay.tsx" path="C:\Users\ashee\Documents\Javascript\React\React Native\suduko\components\GameDisplay.tsx">
        <metrics statements="22" coveredstatements="22" conditionals="4" coveredconditionals="4" methods="7" coveredmethods="6"/>
        <line num="1" count="1" type="stmt"/>
        <line num="2" count="1" type="stmt"/>
        <line num="4" count="1" type="stmt"/>
        <line num="10" count="1" type="stmt"/>
        <line num="11" count="1" type="stmt"/>
        <line num="12" count="1" type="stmt"/>
        <line num="13" count="1" type="stmt"/>
        <line num="15" count="53" type="stmt"/>
        <line num="18" count="129" type="stmt"/>
        <line num="19" count="53" type="stmt"/>
        <line num="20" count="53" type="stmt"/>
        <line num="24" count="53" type="stmt"/>
        <line num="25" count="53" type="cond" truecount="2" falsecount="0"/>
        <line num="27" count="3" type="stmt"/>
        <line num="30" count="1" type="stmt"/>
        <line num="37" count="50" type="stmt"/>
        <line num="41" count="53" type="stmt"/>
        <line num="42" count="14" type="cond" truecount="2" falsecount="0"/>
        <line num="44" count="2" type="stmt"/>
        <line num="48" count="53" type="stmt"/>
        <line num="56" count="1" type="stmt"/>
        <line num="76" count="1" type="stmt"/>
      </file>
      <file name="GridSquare.tsx" path="C:\Users\ashee\Documents\Javascript\React\React Native\suduko\components\GridSquare.tsx">
        <metrics statements="45" coveredstatements="45" conditionals="26" coveredconditionals="26" methods="7" coveredmethods="7"/>
        <line num="1" count="1" type="stmt"/>
        <line num="2" count="1" type="stmt"/>
        <line num="3" count="1" type="stmt"/>
        <line num="4" count="1" type="stmt"/>
        <line num="5" count="1" type="stmt"/>
        <line num="6" count="1" type="stmt"/>
        <line num="12" count="10530" type="stmt"/>
        <line num="13" count="4374" type="stmt"/>
        <line num="15" count="4374" type="stmt"/>
        <line num="17" count="4374" type="stmt"/>
        <line num="19" count="4374" type="stmt"/>
        <line num="20" count="4374" type="cond" truecount="2" falsecount="0"/>
        <line num="22" count="4374" type="stmt"/>
        <line num="27" count="20" type="cond" truecount="2" falsecount="0"/>
        <line num="28" count="3" type="stmt"/>
        <line num="29" count="3" type="stmt"/>
        <line num="32" count="17" type="cond" truecount="4" falsecount="0"/>
        <line num="33" count="63" type="stmt"/>
        <line num="34" count="7" type="stmt"/>
        <line num="36" count="63" type="cond" truecount="2" falsecount="0"/>
        <line num="37" count="6" type="stmt"/>
        <line num="40" count="54" type="cond" truecount="2" falsecount="0"/>
        <line num="41" count="2" type="stmt"/>
        <line num="47" count="10" type="stmt"/>
        <line num="49" count="10" type="stmt"/>
        <line num="51" count="10" type="cond" truecount="2" falsecount="0"/>
        <line num="54" count="8" type="cond" truecount="2" falsecount="0"/>
        <line num="56" count="2" type="stmt"/>
        <line num="58" count="10" type="stmt"/>
        <line num="63" count="4374" type="stmt"/>
        <line num="65" count="94" type="cond" truecount="4" falsecount="0"/>
        <line num="68" count="17" type="stmt"/>
        <line num="70" count="17" type="stmt"/>
        <line num="74" count="17" type="stmt"/>
        <line num="76" count="17" type="stmt"/>
        <line num="78" count="17" type="stmt"/>
        <line num="80" count="153" type="stmt"/>
        <line num="92" count="153" type="cond" truecount="4" falsecount="0"/>
        <line num="93" count="51" type="stmt"/>
        <line num="101" count="51" type="stmt"/>
        <line num="102" count="51" type="stmt"/>
        <line num="104" count="153" type="stmt"/>
        <line num="108" count="17" type="stmt"/>
        <line num="117" count="4374" type="stmt"/>
        <line num="165" count="1" type="stmt"/>
      </file>
      <file name="Home.tsx" path="C:\Users\ashee\Documents\Javascript\React\React Native\suduko\components\Home.tsx">
        <metrics statements="22" coveredstatements="22" conditionals="4" coveredconditionals="4" methods="8" coveredmethods="8"/>
        <line num="1" count="1" type="stmt"/>
        <line num="2" count="1" type="stmt"/>
        <line num="4" count="1" type="stmt"/>
        <line num="7" count="1" type="stmt"/>
        <line num="9" count="1" type="stmt"/>
        <line num="11" count="19" type="stmt"/>
        <line num="14" count="57" type="stmt"/>
        <line num="16" count="57" type="stmt"/>
        <line num="19" count="29" type="stmt"/>
        <line num="20" count="19" type="stmt"/>
        <line num="21" count="19" type="stmt"/>
        <line num="24" count="19" type="stmt"/>
        <line num="25" count="3" type="stmt"/>
        <line num="28" count="19" type="stmt"/>
        <line num="34" count="5" type="cond" truecount="2" falsecount="0"/>
        <line num="35" count="4" type="stmt"/>
        <line num="44" count="4" type="cond" truecount="2" falsecount="0"/>
        <line num="45" count="3" type="stmt"/>
        <line num="63" count="1" type="stmt"/>
        <line num="88" count="1" type="stmt"/>
        <line num="97" count="1" type="stmt"/>
        <line num="111" count="1" type="stmt"/>
      </file>
      <file name="SelectionBar.tsx" path="C:\Users\ashee\Documents\Javascript\React\React Native\suduko\components\SelectionBar.tsx">
        <metrics statements="15" coveredstatements="15" conditionals="0" coveredconditionals="0" methods="3" coveredmethods="3"/>
        <line num="1" count="1" type="stmt"/>
        <line num="2" count="1" type="stmt"/>
        <line num="3" count="1" type="stmt"/>
        <line num="6" count="1" type="stmt"/>
        <line num="7" count="1" type="stmt"/>
        <line num="8" count="1" type="stmt"/>
        <line num="16" count="130" type="stmt"/>
        <line num="17" count="54" type="stmt"/>
        <line num="19" count="54" type="stmt"/>
        <line num="20" count="54" type="stmt"/>
        <line num="21" count="54" type="stmt"/>
        <line num="22" count="486" type="stmt"/>
        <line num="34" count="54" type="stmt"/>
        <line num="37" count="54" type="stmt"/>
        <line num="54" count="1" type="stmt"/>
      </file>
      <file name="SelectionSquare.tsx" path="C:\Users\ashee\Documents\Javascript\React\React Native\suduko\components\SelectionSquare.tsx">
        <metrics statements="22" coveredstatements="22" conditionals="10" coveredconditionals="10" methods="3" coveredmethods="3"/>
        <line num="1" count="1" type="stmt"/>
        <line num="2" count="1" type="stmt"/>
        <line num="3" count="1" type="stmt"/>
        <line num="4" count="1" type="stmt"/>
        <line num="5" count="1" type="stmt"/>
        <line num="7" count="1" type="stmt"/>
        <line num="8" count="1" type="stmt"/>
        <line num="15" count="603" type="stmt"/>
        <line num="17" count="1287" type="stmt"/>
        <line num="18" count="603" type="stmt"/>
        <line num="19" count="603" type="stmt"/>
        <line num="20" count="603" type="stmt"/>
        <line num="22" count="603" type="stmt"/>
        <line num="23" count="18" type="stmt"/>
        <line num="24" count="18" type="stmt"/>
        <line num="26" count="1206" type="stmt"/>
        <line num="31" count="603" type="cond" truecount="2" falsecount="0"/>
        <line num="32" count="108" type="stmt"/>
        <line num="34" count="495" type="cond" truecount="2" falsecount="0"/>
        <line num="35" count="495" type="cond" truecount="2" falsecount="0"/>
        <line num="36" count="495" type="stmt"/>
        <line num="85" count="1" type="stmt"/>
      </file>
      <file name="SubBox.tsx" path="C:\Users\ashee\Documents\Javascript\React\React Native\suduko\components\SubBox.tsx">
        <metrics statements="6" coveredstatements="6" conditionals="0" coveredconditionals="0" methods="1" coveredmethods="1"/>
        <line num="1" count="1" type="stmt"/>
        <line num="2" count="1" type="stmt"/>
        <line num="4" count="1" type="stmt"/>
        <line num="10" count="477" type="stmt"/>
        <line num="12" count="477" type="stmt"/>
        <line num="60" count="1" type="stmt"/>
      </file>
      <file name="TextStroke.tsx" path="C:\Users\ashee\Documents\Javascript\React\React Native\suduko\components\TextStroke.tsx">
        <metrics statements="21" coveredstatements="21" conditionals="2" coveredconditionals="2" methods="3" coveredmethods="3"/>
        <line num="1" count="3" type="stmt"/>
        <line num="2" count="3" type="stmt"/>
        <line num="10" count="3" type="stmt"/>
        <line num="17" count="23" type="stmt"/>
        <line num="18" count="184" type="stmt"/>
        <line num="19" count="184" type="stmt"/>
        <line num="20" count="184" type="stmt"/>
        <line num="21" count="184" type="cond" truecount="2" falsecount="0"/>
        <line num="22" count="184" type="stmt"/>
        <line num="34" count="184" type="stmt"/>
        <line num="38" count="23" type="stmt"/>
        <line num="39" count="23" type="stmt"/>
        <line num="40" count="23" type="stmt"/>
        <line num="41" count="23" type="stmt"/>
        <line num="42" count="23" type="stmt"/>
        <line num="43" count="23" type="stmt"/>
        <line num="44" count="23" type="stmt"/>
        <line num="45" count="23" type="stmt"/>
        <line num="46" count="23" type="stmt"/>
        <line num="47" count="23" type="stmt"/>
        <line num="49" count="23" type="stmt"/>
      </file>
      <file name="Timer.tsx" path="C:\Users\ashee\Documents\Javascript\React\React Native\suduko\components\Timer.tsx">
        <metrics statements="34" coveredstatements="34" conditionals="2" coveredconditionals="2" methods="6" coveredmethods="6"/>
        <line num="1" count="1" type="stmt"/>
        <line num="2" count="1" type="stmt"/>
        <line num="3" count="1" type="stmt"/>
        <line num="4" count="1" type="stmt"/>
        <line num="5" count="1" type="stmt"/>
        <line num="13" count="130" type="stmt"/>
        <line num="14" count="54" type="stmt"/>
        <line num="15" count="54" type="stmt"/>
        <line num="16" count="54" type="stmt"/>
        <line num="17" count="54" type="stmt"/>
        <line num="20" count="54" type="stmt"/>
        <line num="21" count="54" type="stmt"/>
        <line num="22" count="54" type="stmt"/>
        <line num="23" count="54" type="stmt"/>
        <line num="24" count="54" type="stmt"/>
        <line num="25" count="54" type="stmt"/>
        <line num="26" count="54" type="stmt"/>
        <line num="27" count="54" type="stmt"/>
        <line num="28" count="54" type="stmt"/>
        <line num="29" count="54" type="stmt"/>
        <line num="30" count="54" type="stmt"/>
        <line num="31" count="54" type="stmt"/>
        <line num="32" count="54" type="stmt"/>
        <line num="33" count="54" type="stmt"/>
        <line num="34" count="54" type="stmt"/>
        <line num="38" count="54" type="stmt"/>
        <line num="40" count="13" type="cond" truecount="2" falsecount="0"/>
        <line num="41" count="12" type="stmt"/>
        <line num="42" count="1" type="stmt"/>
        <line num="43" count="1" type="stmt"/>
        <line num="47" count="1" type="stmt"/>
        <line num="49" count="12" type="stmt"/>
        <line num="53" count="54" type="stmt"/>
        <line num="65" count="1" type="stmt"/>
      </file>
      <file name="Title.tsx" path="C:\Users\ashee\Documents\Javascript\React\React Native\suduko\components\Title.tsx">
        <metrics statements="5" coveredstatements="5" conditionals="0" coveredconditionals="0" methods="1" coveredmethods="1"/>
        <line num="1" count="1" type="stmt"/>
        <line num="2" count="1" type="stmt"/>
        <line num="4" count="1" type="stmt"/>
        <line num="7" count="19" type="stmt"/>
        <line num="18" count="1" type="stmt"/>
      </file>
      <file name="Toggle.tsx" path="C:\Users\ashee\Documents\Javascript\React\React Native\suduko\components\Toggle.tsx">
        <metrics statements="13" coveredstatements="13" conditionals="0" coveredconditionals="0" methods="3" coveredmethods="3"/>
        <line num="1" count="1" type="stmt"/>
        <line num="3" count="1" type="stmt"/>
        <line num="4" count="1" type="stmt"/>
        <line num="5" count="1" type="stmt"/>
        <line num="7" count="1" type="stmt"/>
        <line num="10" count="131" type="stmt"/>
        <line num="12" count="55" type="stmt"/>
        <line num="14" count="55" type="stmt"/>
        <line num="17" count="165" type="stmt"/>
        <line num="19" count="55" type="stmt"/>
        <line num="20" count="3" type="stmt"/>
        <line num="21" count="3" type="stmt"/>
        <line num="24" count="55" type="stmt"/>
      </file>
      <file name="Winner.tsx" path="C:\Users\ashee\Documents\Javascript\React\React Native\suduko\components\Winner.tsx">
        <metrics statements="12" coveredstatements="12" conditionals="0" coveredconditionals="0" methods="2" coveredmethods="2"/>
        <line num="1" count="1" type="stmt"/>
        <line num="2" count="1" type="stmt"/>
        <line num="3" count="1" type="stmt"/>
        <line num="4" count="1" type="stmt"/>
        <line num="5" count="1" type="stmt"/>
        <line num="6" count="1" type="stmt"/>
        <line num="9" count="1" type="stmt"/>
        <line num="12" count="6" type="stmt"/>
        <line num="13" count="3" type="stmt"/>
        <line num="15" count="3" type="stmt"/>
        <line num="17" count="3" type="stmt"/>
        <line num="43" count="1" type="stmt"/>
      </file>
    </package>
    <package name="src.state">
      <metrics statements="62" coveredstatements="62" conditionals="31" coveredconditionals="29" methods="9" coveredmethods="9"/>
      <file name="boardController.ts" path="C:\Users\ashee\Documents\Javascript\React\React Native\suduko\src\state\boardController.ts">
        <metrics statements="61" coveredstatements="61" conditionals="29" coveredconditionals="27" methods="8" coveredmethods="8"/>
        <line num="3" count="3" type="stmt"/>
        <line num="5" count="3" type="stmt"/>
        <line num="7" count="27" type="stmt"/>
        <line num="8" count="27" type="stmt"/>
        <line num="10" count="27" type="stmt"/>
        <line num="13" count="3" type="stmt"/>
        <line num="23" count="1161" type="stmt"/>
        <line num="24" count="3918" type="stmt"/>
        <line num="25" count="3918" type="stmt"/>
        <line num="26" count="3918" type="cond" truecount="5" falsecount="0"/>
        <line num="27" count="1000" type="stmt"/>
        <line num="30" count="161" type="stmt"/>
        <line num="36" count="237" type="stmt"/>
        <line num="38" count="1642" type="stmt"/>
        <line num="40" count="14307" type="cond" truecount="2" falsecount="0"/>
        <line num="42" count="161" type="stmt"/>
        <line num="45" count="1161" type="cond" truecount="2" falsecount="0"/>
        <line num="46" count="161" type="stmt"/>
        <line num="49" count="1210" type="cond" truecount="2" falsecount="0"/>
        <line num="50" count="72" type="stmt"/>
        <line num="53" count="89" type="stmt"/>
        <line num="57" count="89" type="stmt"/>
        <line num="61" count="76" type="stmt"/>
        <line num="66" count="7" type="stmt"/>
        <line num="67" count="61" type="stmt"/>
        <line num="68" count="61" type="stmt"/>
        <line num="69" count="61" type="stmt"/>
        <line num="71" count="61" type="stmt"/>
        <line num="72" count="548" type="stmt"/>
        <line num="73" count="548" type="stmt"/>
        <line num="74" count="548" type="stmt"/>
        <line num="76" count="548" type="cond" truecount="2" falsecount="0"/>
        <line num="77" count="543" type="cond" truecount="2" falsecount="0"/>
        <line num="78" count="542" type="stmt"/>
        <line num="80" count="547" type="cond" truecount="2" falsecount="0"/>
        <line num="81" count="542" type="cond" truecount="1" falsecount="1"/>
        <line num="82" count="542" type="stmt"/>
        <line num="85" count="547" type="cond" truecount="2" falsecount="0"/>
        <line num="86" count="542" type="cond" truecount="1" falsecount="1"/>
        <line num="87" count="542" type="stmt"/>
        <line num="91" count="6" type="stmt"/>
        <line num="127" count="4" type="stmt"/>
        <line num="128" count="4" type="stmt"/>
        <line num="132" count="1" type="stmt"/>
        <line num="133" count="1" type="stmt"/>
        <line num="137" count="1" type="stmt"/>
        <line num="138" count="1" type="stmt"/>
        <line num="142" count="1" type="stmt"/>
        <line num="143" count="1" type="stmt"/>
        <line num="147" count="1" type="stmt"/>
        <line num="148" count="1" type="stmt"/>
        <line num="151" count="4" type="stmt"/>
        <line num="152" count="217" type="stmt"/>
        <line num="153" count="217" type="stmt"/>
        <line num="154" count="217" type="stmt"/>
        <line num="155" count="1953" type="stmt"/>
        <line num="164" count="217" type="stmt"/>
        <line num="166" count="4" type="stmt"/>
        <line num="171" count="6" type="stmt"/>
        <line num="172" count="38" type="cond" truecount="2" falsecount="0"/>
        <line num="174" count="2" type="stmt"/>
      </file>
      <file name="index.ts" path="C:\Users\ashee\Documents\Javascript\React\React Native\suduko\src\state\index.ts">
        <metrics statements="1" coveredstatements="1" conditionals="2" coveredconditionals="2" methods="1" coveredmethods="1"/>
        <line num="1" count="51054" type="cond" truecount="2" falsecount="0"/>
      </file>
    </package>
    <package name="src.state.actions">
      <metrics statements="40" coveredstatements="40" conditionals="0" coveredconditionals="0" methods="20" coveredmethods="20"/>
      <file name="actions.ts" path="C:\Users\ashee\Documents\Javascript\React\React Native\suduko\src\state\actions\actions.ts">
        <metrics statements="30" coveredstatements="30" conditionals="0" coveredconditionals="0" methods="20" coveredmethods="20"/>
        <line num="3" count="2" type="stmt"/>
        <line num="4" count="10" type="stmt"/>
        <line num="5" count="10" type="stmt"/>
        <line num="11" count="2" type="stmt"/>
        <line num="12" count="21" type="stmt"/>
        <line num="13" count="21" type="stmt"/>
        <line num="20" count="2" type="stmt"/>
        <line num="21" count="4" type="stmt"/>
        <line num="22" count="4" type="stmt"/>
        <line num="27" count="2" type="stmt"/>
        <line num="28" count="21" type="stmt"/>
        <line num="29" count="21" type="stmt"/>
        <line num="35" count="2" type="stmt"/>
        <line num="36" count="4" type="stmt"/>
        <line num="37" count="4" type="stmt"/>
        <line num="43" count="2" type="stmt"/>
        <line num="44" count="5" type="stmt"/>
        <line num="45" count="5" type="stmt"/>
        <line num="51" count="2" type="stmt"/>
        <line num="52" count="3" type="stmt"/>
        <line num="53" count="3" type="stmt"/>
        <line num="59" count="2" type="stmt"/>
        <line num="60" count="10" type="stmt"/>
        <line num="61" count="10" type="stmt"/>
        <line num="67" count="2" type="stmt"/>
        <line num="68" count="4" type="stmt"/>
        <line num="69" count="4" type="stmt"/>
        <line num="75" count="2" type="stmt"/>
        <line num="76" count="6" type="stmt"/>
        <line num="77" count="6" type="stmt"/>
      </file>
      <file name="types.ts" path="C:\Users\ashee\Documents\Javascript\React\React Native\suduko\src\state\actions\types.ts">
        <metrics statements="10" coveredstatements="10" conditionals="0" coveredconditionals="0" methods="0" coveredmethods="0"/>
        <line num="1" count="3" type="stmt"/>
        <line num="3" count="3" type="stmt"/>
        <line num="4" count="3" type="stmt"/>
        <line num="6" count="3" type="stmt"/>
        <line num="8" count="3" type="stmt"/>
        <line num="10" count="3" type="stmt"/>
        <line num="12" count="3" type="stmt"/>
        <line num="14" count="3" type="stmt"/>
        <line num="15" count="3" type="stmt"/>
        <line num="17" count="3" type="stmt"/>
      </file>
    </package>
    <package name="src.state.reducers">
      <metrics statements="79" coveredstatements="79" conditionals="52" coveredconditionals="52" methods="10" coveredmethods="10"/>
      <file name="boardReducer.ts" path="C:\Users\ashee\Documents\Javascript\React\React Native\suduko\src\state\reducers\boardReducer.ts">
        <metrics statements="8" coveredstatements="8" conditionals="6" coveredconditionals="6" methods="1" coveredmethods="1"/>
        <line num="1" count="3" type="stmt"/>
        <line num="2" count="3" type="stmt"/>
        <line num="6" count="3" type="stmt"/>
        <line num="7" count="122" type="cond" truecount="4" falsecount="0"/>
        <line num="8" count="122" type="stmt"/>
        <line num="10" count="10" type="stmt"/>
        <line num="12" count="112" type="stmt"/>
        <line num="16" count="3" type="stmt"/>
      </file>
      <file name="colorReducer.ts" path="C:\Users\ashee\Documents\Javascript\React\React Native\suduko\src\state\reducers\colorReducer.ts">
        <metrics statements="21" coveredstatements="21" conditionals="9" coveredconditionals="9" methods="3" coveredmethods="3"/>
        <line num="1" count="3" type="stmt"/>
        <line num="5" count="3" type="stmt"/>
        <line num="6" count="3" type="stmt"/>
        <line num="7" count="3" type="stmt"/>
        <line num="8" count="3" type="stmt"/>
        <line num="9" count="150" type="stmt"/>
        <line num="11" count="3" type="stmt"/>
        <line num="14" count="3" type="stmt"/>
        <line num="16" count="3" type="stmt"/>
        <line num="37" count="247" type="cond" truecount="4" falsecount="0"/>
        <line num="39" count="122" type="stmt"/>
        <line num="61" count="122" type="stmt"/>
        <line num="63" count="21" type="cond" truecount="2" falsecount="0"/>
        <line num="64" count="3" type="stmt"/>
        <line num="65" count="3" type="stmt"/>
        <line num="66" count="18" type="stmt"/>
        <line num="67" count="21" type="stmt"/>
        <line num="69" count="4" type="stmt"/>
        <line num="70" count="4" type="stmt"/>
        <line num="72" count="97" type="stmt"/>
        <line num="76" count="3" type="stmt"/>
      </file>
      <file name="difficultyReducer.ts" path="C:\Users\ashee\Documents\Javascript\React\React Native\suduko\src\state\reducers\difficultyReducer.ts">
        <metrics statements="6" coveredstatements="6" conditionals="6" coveredconditionals="6" methods="1" coveredmethods="1"/>
        <line num="1" count="3" type="stmt"/>
        <line num="2" count="122" type="cond" truecount="4" falsecount="0"/>
        <line num="3" count="122" type="stmt"/>
        <line num="5" count="4" type="stmt"/>
        <line num="7" count="118" type="stmt"/>
        <line num="11" count="3" type="stmt"/>
      </file>
      <file name="entryModeReducer.ts" path="C:\Users\ashee\Documents\Javascript\React\React Native\suduko\src\state\reducers\entryModeReducer.ts">
        <metrics statements="6" coveredstatements="6" conditionals="6" coveredconditionals="6" methods="1" coveredmethods="1"/>
        <line num="1" count="3" type="stmt"/>
        <line num="3" count="122" type="cond" truecount="4" falsecount="0"/>
        <line num="4" count="122" type="stmt"/>
        <line num="6" count="3" type="stmt"/>
        <line num="8" count="119" type="stmt"/>
        <line num="12" count="3" type="stmt"/>
      </file>
      <file name="gameStateReducer.ts" path="C:\Users\ashee\Documents\Javascript\React\React Native\suduko\src\state\reducers\gameStateReducer.ts">
        <metrics statements="7" coveredstatements="7" conditionals="6" coveredconditionals="6" methods="1" coveredmethods="1"/>
        <line num="1" count="3" type="stmt"/>
        <line num="4" count="3" type="stmt"/>
        <line num="9" count="122" type="cond" truecount="4" falsecount="0"/>
        <line num="10" count="122" type="stmt"/>
        <line num="12" count="6" type="stmt"/>
        <line num="14" count="116" type="stmt"/>
        <line num="18" count="3" type="stmt"/>
      </file>
      <file name="index.ts" path="C:\Users\ashee\Documents\Javascript\React\React Native\suduko\src\state\reducers\index.ts">
        <metrics statements="11" coveredstatements="11" conditionals="0" coveredconditionals="0" methods="0" coveredmethods="0"/>
        <line num="1" count="3" type="stmt"/>
        <line num="2" count="3" type="stmt"/>
        <line num="3" count="3" type="stmt"/>
        <line num="4" count="3" type="stmt"/>
        <line num="5" count="3" type="stmt"/>
        <line num="6" count="3" type="stmt"/>
        <line num="7" count="3" type="stmt"/>
        <line num="8" count="3" type="stmt"/>
        <line num="9" count="3" type="stmt"/>
        <line num="11" count="3" type="stmt"/>
        <line num="24" count="3" type="stmt"/>
      </file>
      <file name="notesReducer.ts" path="C:\Users\ashee\Documents\Javascript\React\React Native\suduko\src\state\reducers\notesReducer.ts">
        <metrics statements="7" coveredstatements="7" conditionals="7" coveredconditionals="7" methods="1" coveredmethods="1"/>
        <line num="1" count="3" type="stmt"/>
        <line num="3" count="122" type="cond" truecount="4" falsecount="0"/>
        <line num="4" count="122" type="stmt"/>
        <line num="6" count="10" type="stmt"/>
        <line num="8" count="4" type="stmt"/>
        <line num="10" count="108" type="stmt"/>
        <line num="14" count="3" type="stmt"/>
      </file>
      <file name="selectionReducer.ts" path="C:\Users\ashee\Documents\Javascript\React\React Native\suduko\src\state\reducers\selectionReducer.ts">
        <metrics statements="6" coveredstatements="6" conditionals="6" coveredconditionals="6" methods="1" coveredmethods="1"/>
        <line num="1" count="3" type="stmt"/>
        <line num="3" count="122" type="cond" truecount="4" falsecount="0"/>
        <line num="4" count="122" type="stmt"/>
        <line num="6" count="21" type="stmt"/>
        <line num="8" count="101" type="stmt"/>
        <line num="12" count="3" type="stmt"/>
      </file>
      <file name="timeReducer.ts" path="C:\Users\ashee\Documents\Javascript\React\React Native\suduko\src\state\reducers\timeReducer.ts">
        <metrics statements="7" coveredstatements="7" conditionals="6" coveredconditionals="6" methods="1" coveredmethods="1"/>
        <line num="1" count="3" type="stmt"/>
        <line num="4" count="3" type="stmt"/>
        <line num="8" count="122" type="cond" truecount="4" falsecount="0"/>
        <line num="9" count="122" type="stmt"/>
        <line num="11" count="5" type="stmt"/>
        <line num="13" count="117" type="stmt"/>
        <line num="17" count="3" type="stmt"/>
      </file>
    </package>
  </project>
</coverage>
