{"C:\\Users\\ashee\\Documents\\Javascript\\React\\React Native\\suduko\\assets\\fonts\\JustAnotherHand-Regular.ttf": {"path":"C:\\Users\\ashee\\Documents\\Javascript\\React\\React Native\\suduko\\assets\\fonts\\JustAnotherHand-Regular.ttf","statementMap":{"0":{"start":{"line":1,"column":0},"end":{"line":1,"column":19}}},"fnMap":{},"branchMap":{},"s":{"0":1},"f":{},"b":{},"inputSourceMap":null,"_coverageSchema":"1a1c01bbd47fc00a2c39e90264f33305004495a9","hash":"17c191736b802f3d62809284808a9276d5374596"}
,"C:\\Users\\ashee\\Documents\\Javascript\\React\\React Native\\suduko\\assets\\fonts\\SpaceMono-Regular.ttf": {"path":"C:\\Users\\ashee\\Documents\\Javascript\\React\\React Native\\suduko\\assets\\fonts\\SpaceMono-Regular.ttf","statementMap":{"0":{"start":{"line":1,"column":0},"end":{"line":1,"column":19}}},"fnMap":{},"branchMap":{},"s":{"0":1},"f":{},"b":{},"inputSourceMap":null,"_coverageSchema":"1a1c01bbd47fc00a2c39e90264f33305004495a9","hash":"7feea2e8e2eab67637d832d8b680fbd6945cf5bb"}
,"C:\\Users\\ashee\\Documents\\Javascript\\React\\React Native\\suduko\\assets\\images\\square.jpg": {"path":"C:\\Users\\ashee\\Documents\\Javascript\\React\\React Native\\suduko\\assets\\images\\square.jpg","statementMap":{"0":{"start":{"line":1,"column":0},"end":{"line":1,"column":19}}},"fnMap":{},"branchMap":{},"s":{"0":1},"f":{},"b":{},"inputSourceMap":null,"_coverageSchema":"1a1c01bbd47fc00a2c39e90264f33305004495a9","hash":"b694f5e69e476771b0ec49d3f15a5bfcc1a31916"}
,"C:\\Users\\ashee\\Documents\\Javascript\\React\\React Native\\suduko\\components\\Board.tsx": {"path":"C:\\Users\\ashee\\Documents\\Javascript\\React\\React Native\\suduko\\components\\Board.tsx","statementMap":{"0":{"start":{"line":1,"column":0},"end":{"line":1,"column":null}},"1":{"start":{"line":2,"column":0},"end":{"line":2,"column":null}},"2":{"start":{"line":4,"column":0},"end":{"line":4,"column":null}},"3":{"start":{"line":8,"column":2},"end":{"line":8,"column":null}},"4":{"start":{"line":80,"column":15},"end":{"line":80,"column":26}}},"fnMap":{"0":{"name":"Board","decl":{"start":{"line":6,"column":24},"end":{"line":6,"column":29}},"loc":{"start":{"line":6,"column":29},"end":{"line":78,"column":null}}}},"branchMap":{},"s":{"0":1,"1":1,"2":1,"3":58,"4":1},"f":{"0":58},"b":{}}
,"C:\\Users\\ashee\\Documents\\Javascript\\React\\React Native\\suduko\\components\\DifficultySelection.tsx": {"path":"C:\\Users\\ashee\\Documents\\Javascript\\React\\React Native\\suduko\\components\\DifficultySelection.tsx","statementMap":{"0":{"start":{"line":1,"column":0},"end":{"line":1,"column":null}},"1":{"start":{"line":2,"column":0},"end":{"line":2,"column":null}},"2":{"start":{"line":5,"column":0},"end":{"line":5,"column":null}},"3":{"start":{"line":6,"column":0},"end":{"line":6,"column":null}},"4":{"start":{"line":7,"column":0},"end":{"line":7,"column":null}},"5":{"start":{"line":9,"column":0},"end":{"line":9,"column":null}},"6":{"start":{"line":12,"column":73},"end":{"line":12,"column":72}},"7":{"start":{"line":21,"column":6},"end":{"line":21,"column":18}},"8":{"start":{"line":21,"column":18},"end":{"line":21,"column":19}},"9":{"start":{"line":15,"column":2},"end":{"line":16,"column":null}},"10":{"start":{"line":15,"column":2},"end":{"line":17,"column":null}},"11":{"start":{"line":15,"column":2},"end":{"line":18,"column":null}},"12":{"start":{"line":15,"column":2},"end":{"line":19,"column":null}},"13":{"start":{"line":15,"column":2},"end":{"line":20,"column":null}},"14":{"start":{"line":22,"column":35},"end":{"line":22,"column":21}},"15":{"start":{"line":22,"column":35},"end":{"line":22,"column":1}},"16":{"start":{"line":24,"column":19},"end":{"line":24,"column":null}},"17":{"start":{"line":33,"column":6},"end":{"line":33,"column":25}},"18":{"start":{"line":26,"column":2},"end":{"line":27,"column":null}},"19":{"start":{"line":26,"column":2},"end":{"line":28,"column":null}},"20":{"start":{"line":26,"column":2},"end":{"line":29,"column":null}},"21":{"start":{"line":26,"column":2},"end":{"line":30,"column":null}},"22":{"start":{"line":26,"column":2},"end":{"line":31,"column":null}},"23":{"start":{"line":26,"column":2},"end":{"line":32,"column":null}},"24":{"start":{"line":38,"column":22},"end":{"line":58,"column":null}},"25":{"start":{"line":40,"column":4},"end":{"line":40,"column":17}},"26":{"start":{"line":42,"column":4},"end":{"line":42,"column":18}},"27":{"start":{"line":43,"column":40},"end":{"line":43,"column":50}},"28":{"start":{"line":43,"column":60},"end":{"line":43,"column":61}},"29":{"start":{"line":44,"column":4},"end":{"line":44,"column":12}},"30":{"start":{"line":47,"column":32},"end":{"line":47,"column":33}},"31":{"start":{"line":48,"column":4},"end":{"line":48,"column":12}},"32":{"start":{"line":50,"column":4},"end":{"line":50,"column":null}},"33":{"start":{"line":52,"column":4},"end":{"line":52,"column":null}},"34":{"start":{"line":55,"column":4},"end":{"line":55,"column":16}},"35":{"start":{"line":57,"column":4},"end":{"line":57,"column":11}},"36":{"start":{"line":59,"column":2},"end":{"line":59,"column":null}},"37":{"start":{"line":64,"column":21},"end":{"line":64,"column":27}},"38":{"start":{"line":74,"column":19},"end":{"line":74,"column":24}},"39":{"start":{"line":81,"column":19},"end":{"line":81,"column":24}},"40":{"start":{"line":88,"column":19},"end":{"line":88,"column":24}},"41":{"start":{"line":95,"column":19},"end":{"line":95,"column":24}},"42":{"start":{"line":104,"column":15},"end":{"line":104,"column":26}}},"fnMap":{"0":{"name":"DifficultySelection","decl":{"start":{"line":12,"column":24},"end":{"line":12,"column":45}},"loc":{"start":{"line":12,"column":73},"end":{"line":102,"column":null}}},"1":{"name":"(anonymous_9)","decl":{"start":{"line":21,"column":18},"end":{"line":21,"column":19}},"loc":{"start":{"line":21,"column":18},"end":{"line":21,"column":19}}},"2":{"name":"handlePress","decl":{"start":{"line":38,"column":8},"end":{"line":38,"column":19}},"loc":{"start":{"line":38,"column":42},"end":{"line":58,"column":null}}},"3":{"name":"(anonymous_11)","decl":{"start":{"line":43,"column":60},"end":{"line":43,"column":61}},"loc":{"start":{"line":43,"column":60},"end":{"line":43,"column":61}}},"4":{"name":"onPress","decl":{"start":{"line":64,"column":21},"end":{"line":64,"column":27}},"loc":{"start":{"line":64,"column":21},"end":{"line":64,"column":27}}},"5":{"name":"onPress","decl":{"start":{"line":74,"column":19},"end":{"line":74,"column":24}},"loc":{"start":{"line":74,"column":19},"end":{"line":74,"column":24}}},"6":{"name":"onPress","decl":{"start":{"line":81,"column":19},"end":{"line":81,"column":24}},"loc":{"start":{"line":81,"column":19},"end":{"line":81,"column":24}}},"7":{"name":"onPress","decl":{"start":{"line":88,"column":19},"end":{"line":88,"column":24}},"loc":{"start":{"line":88,"column":19},"end":{"line":88,"column":24}}},"8":{"name":"onPress","decl":{"start":{"line":95,"column":19},"end":{"line":95,"column":24}},"loc":{"start":{"line":95,"column":19},"end":{"line":95,"column":24}}}},"branchMap":{},"s":{"0":1,"1":1,"2":1,"3":1,"4":1,"5":1,"6":10,"7":10,"8":40,"9":10,"10":10,"11":10,"12":10,"13":10,"14":10,"15":10,"16":10,"17":10,"18":10,"19":10,"20":10,"21":10,"22":10,"23":10,"24":10,"25":4,"26":4,"27":4,"28":36,"29":4,"30":4,"31":4,"32":4,"33":4,"34":4,"35":4,"36":10,"37":1,"38":1,"39":1,"40":1,"41":1,"42":1},"f":{"0":10,"1":40,"2":4,"3":36,"4":1,"5":1,"6":1,"7":1,"8":1},"b":{}}
,"C:\\Users\\ashee\\Documents\\Javascript\\React\\React Native\\suduko\\components\\GameDisplay.tsx": {"path":"C:\\Users\\ashee\\Documents\\Javascript\\React\\React Native\\suduko\\components\\GameDisplay.tsx","statementMap":{"0":{"start":{"line":1,"column":0},"end":{"line":1,"column":null}},"1":{"start":{"line":2,"column":0},"end":{"line":2,"column":null}},"2":{"start":{"line":4,"column":0},"end":{"line":4,"column":null}},"3":{"start":{"line":10,"column":0},"end":{"line":10,"column":null}},"4":{"start":{"line":11,"column":0},"end":{"line":11,"column":null}},"5":{"start":{"line":12,"column":0},"end":{"line":12,"column":null}},"6":{"start":{"line":13,"column":0},"end":{"line":13,"column":null}},"7":{"start":{"line":15,"column":65},"end":{"line":15,"column":64}},"8":{"start":{"line":18,"column":22},"end":{"line":18,"column":34}},"9":{"start":{"line":18,"column":34},"end":{"line":18,"column":35}},"10":{"start":{"line":18,"column":2},"end":{"line":18,"column":22}},"11":{"start":{"line":19,"column":35},"end":{"line":19,"column":21}},"12":{"start":{"line":19,"column":35},"end":{"line":19,"column":1}},"13":{"start":{"line":20,"column":19},"end":{"line":20,"column":null}},"14":{"start":{"line":24,"column":25},"end":{"line":38,"column":null}},"15":{"start":{"line":25,"column":4},"end":{"line":37,"column":null}},"16":{"start":{"line":27,"column":6},"end":{"line":27,"column":null}},"17":{"start":{"line":30,"column":23},"end":{"line":30,"column":29}},"18":{"start":{"line":37,"column":10},"end":{"line":37,"column":null}},"19":{"start":{"line":41,"column":2},"end":{"line":41,"column":12}},"20":{"start":{"line":42,"column":4},"end":{"line":45,"column":null}},"21":{"start":{"line":44,"column":6},"end":{"line":44,"column":16}},"22":{"start":{"line":44,"column":17},"end":{"line":44,"column":23}},"23":{"start":{"line":48,"column":2},"end":{"line":48,"column":null}},"24":{"start":{"line":56,"column":21},"end":{"line":56,"column":27}},"25":{"start":{"line":76,"column":15},"end":{"line":76,"column":26}}},"fnMap":{"0":{"name":"GameDisplay","decl":{"start":{"line":15,"column":24},"end":{"line":15,"column":37}},"loc":{"start":{"line":15,"column":65},"end":{"line":74,"column":null}}},"1":{"name":"(anonymous_9)","decl":{"start":{"line":18,"column":34},"end":{"line":18,"column":35}},"loc":{"start":{"line":18,"column":34},"end":{"line":18,"column":35}}},"2":{"name":"boardCompleted","decl":{"start":{"line":24,"column":8},"end":{"line":24,"column":22}},"loc":{"start":{"line":24,"column":47},"end":{"line":38,"column":null}}},"3":{"name":"onPress","decl":{"start":{"line":30,"column":23},"end":{"line":30,"column":29}},"loc":{"start":{"line":30,"column":23},"end":{"line":30,"column":29}}},"4":{"name":"(anonymous_12)","decl":{"start":{"line":41,"column":12},"end":{"line":41,"column":17}},"loc":{"start":{"line":41,"column":17},"end":{"line":46,"column":4}}},"5":{"name":"(anonymous_13)","decl":{"start":{"line":44,"column":17},"end":{"line":44,"column":23}},"loc":{"start":{"line":44,"column":17},"end":{"line":44,"column":23}}},"6":{"name":"onPress","decl":{"start":{"line":56,"column":21},"end":{"line":56,"column":27}},"loc":{"start":{"line":56,"column":21},"end":{"line":56,"column":27}}}},"branchMap":{"0":{"loc":{"start":{"line":25,"column":4},"end":{"line":37,"column":null}},"type":"if","locations":[{"start":{"line":25,"column":4},"end":{"line":37,"column":null}},{"start":{"line":25,"column":4},"end":{"line":37,"column":null}}]},"1":{"loc":{"start":{"line":42,"column":4},"end":{"line":45,"column":null}},"type":"if","locations":[{"start":{"line":42,"column":4},"end":{"line":45,"column":null}},{"start":{"line":42,"column":4},"end":{"line":45,"column":null}}]}},"s":{"0":1,"1":1,"2":1,"3":1,"4":1,"5":1,"6":1,"7":58,"8":58,"9":141,"10":58,"11":58,"12":58,"13":58,"14":58,"15":58,"16":4,"17":1,"18":54,"19":58,"20":15,"21":2,"22":0,"23":58,"24":1,"25":1},"f":{"0":58,"1":141,"2":58,"3":1,"4":15,"5":0,"6":1},"b":{"0":[4,54],"1":[2,13]}}
,"C:\\Users\\ashee\\Documents\\Javascript\\React\\React Native\\suduko\\components\\GridSquare.tsx": {"path":"C:\\Users\\ashee\\Documents\\Javascript\\React\\React Native\\suduko\\components\\GridSquare.tsx","statementMap":{"0":{"start":{"line":1,"column":0},"end":{"line":1,"column":null}},"1":{"start":{"line":2,"column":0},"end":{"line":2,"column":null}},"2":{"start":{"line":3,"column":0},"end":{"line":3,"column":null}},"3":{"start":{"line":4,"column":0},"end":{"line":4,"column":null}},"4":{"start":{"line":5,"column":0},"end":{"line":5,"column":null}},"5":{"start":{"line":6,"column":0},"end":{"line":6,"column":null}},"6":{"start":{"line":12,"column":52},"end":{"line":12,"column":64}},"7":{"start":{"line":12,"column":64},"end":{"line":12,"column":65}},"8":{"start":{"line":12,"column":2},"end":{"line":12,"column":15}},"9":{"start":{"line":12,"column":2},"end":{"line":12,"column":22}},"10":{"start":{"line":12,"column":2},"end":{"line":12,"column":33}},"11":{"start":{"line":12,"column":2},"end":{"line":12,"column":43}},"12":{"start":{"line":12,"column":2},"end":{"line":12,"column":52}},"13":{"start":{"line":13,"column":19},"end":{"line":13,"column":null}},"14":{"start":{"line":15,"column":74},"end":{"line":15,"column":93}},"15":{"start":{"line":15,"column":2},"end":{"line":15,"column":23}},"16":{"start":{"line":15,"column":2},"end":{"line":15,"column":37}},"17":{"start":{"line":15,"column":2},"end":{"line":15,"column":47}},"18":{"start":{"line":15,"column":2},"end":{"line":15,"column":57}},"19":{"start":{"line":15,"column":2},"end":{"line":15,"column":74}},"20":{"start":{"line":17,"column":20},"end":{"line":17,"column":13}},"21":{"start":{"line":17,"column":20},"end":{"line":17,"column":1}},"22":{"start":{"line":19,"column":28},"end":{"line":19,"column":35}},"23":{"start":{"line":20,"column":25},"end":{"line":20,"column":67}},"24":{"start":{"line":22,"column":24},"end":{"line":60,"column":null}},"25":{"start":{"line":27,"column":4},"end":{"line":59,"column":null}},"26":{"start":{"line":28,"column":6},"end":{"line":28,"column":17}},"27":{"start":{"line":29,"column":6},"end":{"line":29,"column":18}},"28":{"start":{"line":32,"column":10},"end":{"line":59,"column":null}},"29":{"start":{"line":33,"column":41},"end":{"line":33,"column":46}},"30":{"start":{"line":33,"column":51},"end":{"line":33,"column":52}},"31":{"start":{"line":34,"column":6},"end":{"line":34,"column":14}},"32":{"start":{"line":36,"column":6},"end":{"line":43,"column":null}},"33":{"start":{"line":36,"column":36},"end":{"line":36,"column":37}},"34":{"start":{"line":37,"column":8},"end":{"line":37,"column":16}},"35":{"start":{"line":40,"column":8},"end":{"line":42,"column":null}},"36":{"start":{"line":40,"column":36},"end":{"line":40,"column":37}},"37":{"start":{"line":41,"column":10},"end":{"line":41,"column":22}},"38":{"start":{"line":47,"column":29},"end":{"line":47,"column":43}},"39":{"start":{"line":49,"column":25},"end":{"line":49,"column":null}},"40":{"start":{"line":51,"column":6},"end":{"line":56,"column":21}},"41":{"start":{"line":54,"column":8},"end":{"line":54,"column":65}},"42":{"start":{"line":54,"column":57},"end":{"line":54,"column":65}},"43":{"start":{"line":56,"column":13},"end":{"line":56,"column":21}},"44":{"start":{"line":58,"column":6},"end":{"line":58,"column":14}},"45":{"start":{"line":63,"column":22},"end":{"line":115,"column":null}},"46":{"start":{"line":65,"column":4},"end":{"line":65,"column":49}},"47":{"start":{"line":65,"column":41},"end":{"line":65,"column":49}},"48":{"start":{"line":68,"column":26},"end":{"line":68,"column":35}},"49":{"start":{"line":70,"column":35},"end":{"line":70,"column":null}},"50":{"start":{"line":74,"column":31},"end":{"line":74,"column":null}},"51":{"start":{"line":76,"column":25},"end":{"line":76,"column":null}},"52":{"start":{"line":78,"column":4},"end":{"line":105,"column":null}},"53":{"start":{"line":80,"column":6},"end":{"line":80,"column":12}},"54":{"start":{"line":92,"column":6},"end":{"line":103,"column":null}},"55":{"start":{"line":93,"column":8},"end":{"line":93,"column":16}},"56":{"start":{"line":101,"column":8},"end":{"line":101,"column":14}},"57":{"start":{"line":102,"column":8},"end":{"line":102,"column":16}},"58":{"start":{"line":104,"column":6},"end":{"line":104,"column":null}},"59":{"start":{"line":108,"column":4},"end":{"line":108,"column":null}},"60":{"start":{"line":117,"column":2},"end":{"line":117,"column":null}},"61":{"start":{"line":165,"column":15},"end":{"line":165,"column":26}}},"fnMap":{"0":{"name":"GridSquare","decl":{"start":{"line":10,"column":24},"end":{"line":10,"column":35}},"loc":{"start":{"line":10,"column":47},"end":{"line":163,"column":null}}},"1":{"name":"(anonymous_4)","decl":{"start":{"line":12,"column":64},"end":{"line":12,"column":65}},"loc":{"start":{"line":12,"column":64},"end":{"line":12,"column":65}}},"2":{"name":"handleOnPress","decl":{"start":{"line":22,"column":8},"end":{"line":22,"column":21}},"loc":{"start":{"line":22,"column":34},"end":{"line":60,"column":null}}},"3":{"name":"(anonymous_6)","decl":{"start":{"line":33,"column":51},"end":{"line":33,"column":52}},"loc":{"start":{"line":33,"column":51},"end":{"line":33,"column":52}}},"4":{"name":"(anonymous_7)","decl":{"start":{"line":36,"column":36},"end":{"line":36,"column":37}},"loc":{"start":{"line":36,"column":36},"end":{"line":36,"column":37}}},"5":{"name":"(anonymous_8)","decl":{"start":{"line":40,"column":36},"end":{"line":40,"column":37}},"loc":{"start":{"line":40,"column":36},"end":{"line":40,"column":37}}},"6":{"name":"renderNotes","decl":{"start":{"line":63,"column":8},"end":{"line":63,"column":19}},"loc":{"start":{"line":63,"column":39},"end":{"line":115,"column":null}}}},"branchMap":{"0":{"loc":{"start":{"line":20,"column":46},"end":{"line":20,"column":53}},"type":"cond-expr","locations":[{"start":{"line":20,"column":46},"end":{"line":20,"column":53}},{"start":{"line":20,"column":66},"end":{"line":20,"column":67}}]},"1":{"loc":{"start":{"line":27,"column":4},"end":{"line":59,"column":null}},"type":"if","locations":[{"start":{"line":27,"column":4},"end":{"line":59,"column":null}},{"start":{"line":27,"column":4},"end":{"line":59,"column":null}}]},"2":{"loc":{"start":{"line":32,"column":10},"end":{"line":59,"column":null}},"type":"if","locations":[{"start":{"line":32,"column":10},"end":{"line":59,"column":null}},{"start":{"line":32,"column":10},"end":{"line":59,"column":null}}]},"3":{"loc":{"start":{"line":32,"column":13},"end":{"line":32,"column":22}},"type":"binary-expr","locations":[{"start":{"line":32,"column":13},"end":{"line":32,"column":22}},{"start":{"line":32,"column":26},"end":{"line":32,"column":36}}]},"4":{"loc":{"start":{"line":36,"column":6},"end":{"line":43,"column":null}},"type":"if","locations":[{"start":{"line":36,"column":6},"end":{"line":43,"column":null}},{"start":{"line":36,"column":6},"end":{"line":43,"column":null}}]},"5":{"loc":{"start":{"line":40,"column":8},"end":{"line":42,"column":null}},"type":"if","locations":[{"start":{"line":40,"column":8},"end":{"line":42,"column":null}},{"start":{"line":40,"column":8},"end":{"line":42,"column":null}}]},"6":{"loc":{"start":{"line":51,"column":6},"end":{"line":56,"column":21}},"type":"if","locations":[{"start":{"line":51,"column":6},"end":{"line":56,"column":21}},{"start":{"line":51,"column":6},"end":{"line":56,"column":21}}]},"7":{"loc":{"start":{"line":54,"column":8},"end":{"line":54,"column":65}},"type":"if","locations":[{"start":{"line":54,"column":8},"end":{"line":54,"column":65}},{"start":{"line":54,"column":8},"end":{"line":54,"column":65}}]},"8":{"loc":{"start":{"line":65,"column":4},"end":{"line":65,"column":49}},"type":"if","locations":[{"start":{"line":65,"column":4},"end":{"line":65,"column":49}},{"start":{"line":65,"column":4},"end":{"line":65,"column":49}}]},"9":{"loc":{"start":{"line":65,"column":7},"end":{"line":65,"column":17}},"type":"binary-expr","locations":[{"start":{"line":65,"column":7},"end":{"line":65,"column":17}},{"start":{"line":65,"column":17},"end":{"line":65,"column":27}}]},"10":{"loc":{"start":{"line":92,"column":6},"end":{"line":103,"column":null}},"type":"if","locations":[{"start":{"line":92,"column":6},"end":{"line":103,"column":null}},{"start":{"line":92,"column":6},"end":{"line":103,"column":null}}]},"11":{"loc":{"start":{"line":92,"column":9},"end":{"line":92,"column":30}},"type":"binary-expr","locations":[{"start":{"line":92,"column":9},"end":{"line":92,"column":30}},{"start":{"line":92,"column":30},"end":{"line":92,"column":42}}]},"12":{"loc":{"start":{"line":145,"column":14},"end":{"line":145,"column":null}},"type":"cond-expr","locations":[{"start":{"line":145,"column":14},"end":{"line":145,"column":null}},{"start":{"line":147,"column":14},"end":{"line":147,"column":15}}]}},"s":{"0":1,"1":1,"2":1,"3":1,"4":1,"5":1,"6":4860,"7":11583,"8":4860,"9":4860,"10":4860,"11":4860,"12":4860,"13":4860,"14":4860,"15":4860,"16":4860,"17":4860,"18":4860,"19":4860,"20":4860,"21":4860,"22":4860,"23":4860,"24":4860,"25":21,"26":4,"27":4,"28":17,"29":7,"30":63,"31":7,"32":7,"33":63,"34":6,"35":6,"36":54,"37":2,"38":10,"39":10,"40":10,"41":8,"42":7,"43":2,"44":10,"45":4860,"46":102,"47":85,"48":17,"49":17,"50":17,"51":17,"52":17,"53":153,"54":153,"55":51,"56":51,"57":51,"58":153,"59":17,"60":4860,"61":1},"f":{"0":4860,"1":11583,"2":21,"3":63,"4":63,"5":54,"6":102},"b":{"0":[4758,102],"1":[4,17],"2":[7,10],"3":[17,17],"4":[6,1],"5":[2,4],"6":[8,2],"7":[7,1],"8":[85,17],"9":[102,102],"10":[51,102],"11":[153,51],"12":[102,4758]}}
,"C:\\Users\\ashee\\Documents\\Javascript\\React\\React Native\\suduko\\components\\Home.tsx": {"path":"C:\\Users\\ashee\\Documents\\Javascript\\React\\React Native\\suduko\\components\\Home.tsx","statementMap":{"0":{"start":{"line":1,"column":0},"end":{"line":1,"column":null}},"1":{"start":{"line":2,"column":0},"end":{"line":2,"column":null}},"2":{"start":{"line":4,"column":0},"end":{"line":4,"column":null}},"3":{"start":{"line":7,"column":0},"end":{"line":7,"column":null}},"4":{"start":{"line":10,"column":0},"end":{"line":10,"column":null}},"5":{"start":{"line":12,"column":58},"end":{"line":12,"column":57}},"6":{"start":{"line":15,"column":44},"end":{"line":15,"column":53}},"7":{"start":{"line":15,"column":2},"end":{"line":15,"column":9}},"8":{"start":{"line":17,"column":42},"end":{"line":17,"column":51}},"9":{"start":{"line":17,"column":2},"end":{"line":17,"column":9}},"10":{"start":{"line":20,"column":22},"end":{"line":20,"column":34}},"11":{"start":{"line":20,"column":34},"end":{"line":20,"column":35}},"12":{"start":{"line":20,"column":2},"end":{"line":20,"column":22}},"13":{"start":{"line":21,"column":35},"end":{"line":21,"column":21}},"14":{"start":{"line":21,"column":35},"end":{"line":21,"column":1}},"15":{"start":{"line":22,"column":19},"end":{"line":22,"column":null}},"16":{"start":{"line":25,"column":22},"end":{"line":27,"column":null}},"17":{"start":{"line":26,"column":4},"end":{"line":26,"column":11}},"18":{"start":{"line":29,"column":2},"end":{"line":29,"column":null}},"19":{"start":{"line":35,"column":10},"end":{"line":35,"column":33}},"20":{"start":{"line":35,"column":26},"end":{"line":35,"column":33}},"21":{"start":{"line":36,"column":10},"end":{"line":36,"column":17}},"22":{"start":{"line":45,"column":12},"end":{"line":45,"column":34}},"23":{"start":{"line":45,"column":27},"end":{"line":45,"column":34}},"24":{"start":{"line":46,"column":12},"end":{"line":46,"column":19}},"25":{"start":{"line":64,"column":21},"end":{"line":64,"column":27}},"26":{"start":{"line":89,"column":27},"end":{"line":89,"column":31}},"27":{"start":{"line":98,"column":27},"end":{"line":98,"column":31}},"28":{"start":{"line":112,"column":15},"end":{"line":112,"column":26}}},"fnMap":{"0":{"name":"Home","decl":{"start":{"line":12,"column":24},"end":{"line":12,"column":30}},"loc":{"start":{"line":12,"column":58},"end":{"line":110,"column":null}}},"1":{"name":"(anonymous_9)","decl":{"start":{"line":20,"column":34},"end":{"line":20,"column":35}},"loc":{"start":{"line":20,"column":34},"end":{"line":20,"column":35}}},"2":{"name":"handlePress","decl":{"start":{"line":25,"column":8},"end":{"line":25,"column":19}},"loc":{"start":{"line":25,"column":44},"end":{"line":27,"column":null}}},"3":{"name":"onPress","decl":{"start":{"line":34,"column":19},"end":{"line":34,"column":24}},"loc":{"start":{"line":34,"column":24},"end":{"line":37,"column":null}}},"4":{"name":"onPress","decl":{"start":{"line":44,"column":19},"end":{"line":44,"column":24}},"loc":{"start":{"line":44,"column":24},"end":{"line":47,"column":null}}},"5":{"name":"onPress","decl":{"start":{"line":64,"column":21},"end":{"line":64,"column":27}},"loc":{"start":{"line":64,"column":21},"end":{"line":64,"column":27}}},"6":{"name":"onPress","decl":{"start":{"line":89,"column":27},"end":{"line":89,"column":31}},"loc":{"start":{"line":89,"column":27},"end":{"line":89,"column":31}}},"7":{"name":"onPress","decl":{"start":{"line":98,"column":27},"end":{"line":98,"column":31}},"loc":{"start":{"line":98,"column":27},"end":{"line":98,"column":31}}}},"branchMap":{"0":{"loc":{"start":{"line":35,"column":10},"end":{"line":35,"column":33}},"type":"if","locations":[{"start":{"line":35,"column":10},"end":{"line":35,"column":33}},{"start":{"line":35,"column":10},"end":{"line":35,"column":33}}]},"1":{"loc":{"start":{"line":45,"column":12},"end":{"line":45,"column":34}},"type":"if","locations":[{"start":{"line":45,"column":12},"end":{"line":45,"column":34}},{"start":{"line":45,"column":12},"end":{"line":45,"column":34}}]}},"s":{"0":1,"1":1,"2":1,"3":1,"4":1,"5":19,"6":19,"7":57,"8":19,"9":57,"10":19,"11":29,"12":19,"13":19,"14":19,"15":19,"16":19,"17":5,"18":19,"19":6,"20":2,"21":4,"22":5,"23":2,"24":3,"25":1,"26":1,"27":1,"28":1},"f":{"0":19,"1":29,"2":5,"3":6,"4":5,"5":1,"6":1,"7":1},"b":{"0":[2,4],"1":[2,3]}}
,"C:\\Users\\ashee\\Documents\\Javascript\\React\\React Native\\suduko\\components\\SelectionBar.tsx": {"path":"C:\\Users\\ashee\\Documents\\Javascript\\React\\React Native\\suduko\\components\\SelectionBar.tsx","statementMap":{"0":{"start":{"line":1,"column":0},"end":{"line":1,"column":null}},"1":{"start":{"line":2,"column":0},"end":{"line":2,"column":null}},"2":{"start":{"line":3,"column":0},"end":{"line":3,"column":null}},"3":{"start":{"line":6,"column":0},"end":{"line":6,"column":null}},"4":{"start":{"line":7,"column":0},"end":{"line":7,"column":null}},"5":{"start":{"line":8,"column":0},"end":{"line":8,"column":null}},"6":{"start":{"line":16,"column":19},"end":{"line":16,"column":31}},"7":{"start":{"line":16,"column":31},"end":{"line":16,"column":32}},"8":{"start":{"line":16,"column":2},"end":{"line":16,"column":19}},"9":{"start":{"line":17,"column":19},"end":{"line":17,"column":null}},"10":{"start":{"line":19,"column":19},"end":{"line":35,"column":null}},"11":{"start":{"line":20,"column":35},"end":{"line":20,"column":null}},"12":{"start":{"line":21,"column":4},"end":{"line":33,"column":null}},"13":{"start":{"line":21,"column":16},"end":{"line":21,"column":19}},"14":{"start":{"line":22,"column":6},"end":{"line":22,"column":14}},"15":{"start":{"line":34,"column":4},"end":{"line":34,"column":11}},"16":{"start":{"line":37,"column":2},"end":{"line":37,"column":null}},"17":{"start":{"line":54,"column":15},"end":{"line":54,"column":26}}},"fnMap":{"0":{"name":"SelectionBar","decl":{"start":{"line":12,"column":24},"end":{"line":12,"column":36}},"loc":{"start":{"line":12,"column":36},"end":{"line":52,"column":null}}},"1":{"name":"(anonymous_6)","decl":{"start":{"line":16,"column":31},"end":{"line":16,"column":32}},"loc":{"start":{"line":16,"column":31},"end":{"line":16,"column":32}}},"2":{"name":"onRender","decl":{"start":{"line":19,"column":8},"end":{"line":19,"column":16}},"loc":{"start":{"line":19,"column":38},"end":{"line":35,"column":null}}}},"branchMap":{},"s":{"0":1,"1":1,"2":1,"3":1,"4":1,"5":1,"6":60,"7":143,"8":60,"9":60,"10":60,"11":60,"12":60,"13":60,"14":540,"15":60,"16":60,"17":1},"f":{"0":60,"1":143,"2":60},"b":{}}
,"C:\\Users\\ashee\\Documents\\Javascript\\React\\React Native\\suduko\\components\\SelectionSquare.tsx": {"path":"C:\\Users\\ashee\\Documents\\Javascript\\React\\React Native\\suduko\\components\\SelectionSquare.tsx","statementMap":{"0":{"start":{"line":1,"column":0},"end":{"line":1,"column":null}},"1":{"start":{"line":2,"column":0},"end":{"line":2,"column":null}},"2":{"start":{"line":3,"column":0},"end":{"line":3,"column":null}},"3":{"start":{"line":4,"column":0},"end":{"line":4,"column":null}},"4":{"start":{"line":5,"column":0},"end":{"line":5,"column":null}},"5":{"start":{"line":7,"column":0},"end":{"line":7,"column":null}},"6":{"start":{"line":8,"column":0},"end":{"line":8,"column":null}},"7":{"start":{"line":15,"column":19},"end":{"line":15,"column":1}},"8":{"start":{"line":17,"column":39},"end":{"line":17,"column":51}},"9":{"start":{"line":17,"column":51},"end":{"line":17,"column":52}},"10":{"start":{"line":17,"column":2},"end":{"line":17,"column":19}},"11":{"start":{"line":17,"column":2},"end":{"line":17,"column":26}},"12":{"start":{"line":17,"column":2},"end":{"line":17,"column":39}},"13":{"start":{"line":18,"column":23},"end":{"line":18,"column":43}},"14":{"start":{"line":19,"column":19},"end":{"line":19,"column":null}},"15":{"start":{"line":20,"column":40},"end":{"line":20,"column":59}},"16":{"start":{"line":20,"column":2},"end":{"line":20,"column":24}},"17":{"start":{"line":20,"column":2},"end":{"line":20,"column":40}},"18":{"start":{"line":22,"column":24},"end":{"line":25,"column":null}},"19":{"start":{"line":23,"column":4},"end":{"line":23,"column":16}},"20":{"start":{"line":24,"column":4},"end":{"line":24,"column":15}},"21":{"start":{"line":26,"column":21},"end":{"line":26,"column":30}},"22":{"start":{"line":26,"column":2},"end":{"line":26,"column":9}},"23":{"start":{"line":31,"column":2},"end":{"line":82,"column":null}},"24":{"start":{"line":32,"column":4},"end":{"line":32,"column":11}},"25":{"start":{"line":34,"column":28},"end":{"line":34,"column":null}},"26":{"start":{"line":35,"column":27},"end":{"line":35,"column":null}},"27":{"start":{"line":36,"column":4},"end":{"line":36,"column":null}},"28":{"start":{"line":85,"column":15},"end":{"line":85,"column":26}}},"fnMap":{"0":{"name":"SelectionSquare","decl":{"start":{"line":13,"column":24},"end":{"line":13,"column":40}},"loc":{"start":{"line":13,"column":52},"end":{"line":83,"column":null}}},"1":{"name":"(anonymous_4)","decl":{"start":{"line":17,"column":51},"end":{"line":17,"column":52}},"loc":{"start":{"line":17,"column":51},"end":{"line":17,"column":52}}},"2":{"name":"handleOnPress","decl":{"start":{"line":22,"column":8},"end":{"line":22,"column":21}},"loc":{"start":{"line":22,"column":34},"end":{"line":25,"column":null}}}},"branchMap":{"0":{"loc":{"start":{"line":31,"column":2},"end":{"line":82,"column":null}},"type":"if","locations":[{"start":{"line":31,"column":2},"end":{"line":82,"column":null}},{"start":{"line":31,"column":2},"end":{"line":82,"column":null}}]},"1":{"loc":{"start":{"line":34,"column":40},"end":{"line":34,"column":52}},"type":"cond-expr","locations":[{"start":{"line":34,"column":40},"end":{"line":34,"column":52}},{"start":{"line":34,"column":52},"end":{"line":34,"column":null}}]},"2":{"loc":{"start":{"line":35,"column":39},"end":{"line":35,"column":41}},"type":"cond-expr","locations":[{"start":{"line":35,"column":39},"end":{"line":35,"column":41}},{"start":{"line":35,"column":41},"end":{"line":35,"column":null}}]},"3":{"loc":{"start":{"line":41,"column":10},"end":{"line":41,"column":11}},"type":"cond-expr","locations":[{"start":{"line":41,"column":10},"end":{"line":41,"column":11}},{"start":{"line":64,"column":12},"end":{"line":64,"column":13}}]},"4":{"loc":{"start":{"line":40,"column":9},"end":{"line":40,"column":36}},"type":"binary-expr","locations":[{"start":{"line":40,"column":9},"end":{"line":40,"column":36}},{"start":{"line":40,"column":36},"end":{"line":40,"column":null}}]}},"s":{"0":1,"1":1,"2":1,"3":1,"4":1,"5":1,"6":1,"7":675,"8":675,"9":1422,"10":675,"11":675,"12":675,"13":675,"14":675,"15":675,"16":675,"17":675,"18":675,"19":19,"20":19,"21":675,"22":1350,"23":675,"24":117,"25":558,"26":558,"27":558,"28":1},"f":{"0":675,"1":1422,"2":19},"b":{"0":[117,558],"1":[315,243],"2":[315,243],"3":[496,62],"4":[558,62]}}
,"C:\\Users\\ashee\\Documents\\Javascript\\React\\React Native\\suduko\\components\\SubBox.tsx": {"path":"C:\\Users\\ashee\\Documents\\Javascript\\React\\React Native\\suduko\\components\\SubBox.tsx","statementMap":{"0":{"start":{"line":1,"column":0},"end":{"line":1,"column":null}},"1":{"start":{"line":2,"column":0},"end":{"line":2,"column":null}},"2":{"start":{"line":4,"column":0},"end":{"line":4,"column":null}},"3":{"start":{"line":10,"column":23},"end":{"line":10,"column":15}},"4":{"start":{"line":10,"column":23},"end":{"line":10,"column":1}},"5":{"start":{"line":12,"column":2},"end":{"line":12,"column":null}},"6":{"start":{"line":60,"column":15},"end":{"line":60,"column":26}}},"fnMap":{"0":{"name":"SubBox","decl":{"start":{"line":7,"column":24},"end":{"line":7,"column":31}},"loc":{"start":{"line":7,"column":43},"end":{"line":58,"column":null}}}},"branchMap":{},"s":{"0":1,"1":1,"2":1,"3":522,"4":522,"5":522,"6":1},"f":{"0":522},"b":{}}
,"C:\\Users\\ashee\\Documents\\Javascript\\React\\React Native\\suduko\\components\\TextStroke.tsx": {"path":"C:\\Users\\ashee\\Documents\\Javascript\\React\\React Native\\suduko\\components\\TextStroke.tsx","statementMap":{"0":{"start":{"line":1,"column":0},"end":{"line":1,"column":null}},"1":{"start":{"line":2,"column":0},"end":{"line":2,"column":null}},"2":{"start":{"line":10,"column":15},"end":{"line":10,"column":26}},"3":{"start":{"line":17,"column":23},"end":{"line":36,"column":null}},"4":{"start":{"line":18,"column":25},"end":{"line":18,"column":3}},"5":{"start":{"line":19,"column":4},"end":{"line":19,"column":11}},"6":{"start":{"line":20,"column":27},"end":{"line":20,"column":null}},"7":{"start":{"line":21,"column":28},"end":{"line":21,"column":null}},"8":{"start":{"line":22,"column":20},"end":{"line":22,"column":null}},"9":{"start":{"line":34,"column":6},"end":{"line":34,"column":13}},"10":{"start":{"line":38,"column":36},"end":{"line":38,"column":16}},"11":{"start":{"line":38,"column":36},"end":{"line":38,"column":24}},"12":{"start":{"line":38,"column":36},"end":{"line":38,"column":1}},"13":{"start":{"line":39,"column":18},"end":{"line":39,"column":null}},"14":{"start":{"line":40,"column":14},"end":{"line":40,"column":27}},"15":{"start":{"line":41,"column":18},"end":{"line":41,"column":31}},"16":{"start":{"line":42,"column":19},"end":{"line":42,"column":32}},"17":{"start":{"line":43,"column":16},"end":{"line":43,"column":29}},"18":{"start":{"line":44,"column":17},"end":{"line":44,"column":30}},"19":{"start":{"line":45,"column":21},"end":{"line":45,"column":34}},"20":{"start":{"line":46,"column":22},"end":{"line":46,"column":35}},"21":{"start":{"line":47,"column":15},"end":{"line":47,"column":28}},"22":{"start":{"line":49,"column":2},"end":{"line":49,"column":null}}},"fnMap":{"0":{"name":"TextStroke","decl":{"start":{"line":16,"column":24},"end":{"line":16,"column":35}},"loc":{"start":{"line":16,"column":46},"end":{"line":61,"column":null}}},"1":{"name":"createClones","decl":{"start":{"line":17,"column":8},"end":{"line":17,"column":20}},"loc":{"start":{"line":17,"column":64},"end":{"line":36,"column":null}}},"2":{"name":"(anonymous_10)","decl":{"start":{"line":19,"column":34},"end":{"line":19,"column":39}},"loc":{"start":{"line":19,"column":42},"end":{"line":35,"column":null}}}},"branchMap":{"0":{"loc":{"start":{"line":21,"column":28},"end":{"line":21,"column":50}},"type":"binary-expr","locations":[{"start":{"line":21,"column":28},"end":{"line":21,"column":50}},{"start":{"line":21,"column":50},"end":{"line":21,"column":null}}]}},"s":{"0":3,"1":3,"2":3,"3":24,"4":192,"5":192,"6":192,"7":192,"8":192,"9":192,"10":24,"11":24,"12":24,"13":24,"14":24,"15":24,"16":24,"17":24,"18":24,"19":24,"20":24,"21":24,"22":24},"f":{"0":24,"1":192,"2":192},"b":{"0":[192,8]}}
,"C:\\Users\\ashee\\Documents\\Javascript\\React\\React Native\\suduko\\components\\Timer.tsx": {"path":"C:\\Users\\ashee\\Documents\\Javascript\\React\\React Native\\suduko\\components\\Timer.tsx","statementMap":{"0":{"start":{"line":1,"column":0},"end":{"line":1,"column":null}},"1":{"start":{"line":2,"column":0},"end":{"line":2,"column":null}},"2":{"start":{"line":3,"column":0},"end":{"line":3,"column":null}},"3":{"start":{"line":4,"column":0},"end":{"line":4,"column":null}},"4":{"start":{"line":5,"column":0},"end":{"line":5,"column":null}},"5":{"start":{"line":13,"column":29},"end":{"line":13,"column":41}},"6":{"start":{"line":13,"column":41},"end":{"line":13,"column":42}},"7":{"start":{"line":13,"column":2},"end":{"line":13,"column":20}},"8":{"start":{"line":13,"column":2},"end":{"line":13,"column":29}},"9":{"start":{"line":14,"column":30},"end":{"line":14,"column":15}},"10":{"start":{"line":14,"column":30},"end":{"line":14,"column":1}},"11":{"start":{"line":15,"column":36},"end":{"line":15,"column":22}},"12":{"start":{"line":15,"column":36},"end":{"line":15,"column":1}},"13":{"start":{"line":16,"column":19},"end":{"line":16,"column":null}},"14":{"start":{"line":17,"column":23},"end":{"line":17,"column":42}},"15":{"start":{"line":17,"column":2},"end":{"line":17,"column":23}},"16":{"start":{"line":20,"column":19},"end":{"line":35,"column":null}},"17":{"start":{"line":21,"column":27},"end":{"line":21,"column":null}},"18":{"start":{"line":22,"column":29},"end":{"line":22,"column":33}},"19":{"start":{"line":23,"column":4},"end":{"line":23,"column":13}},"20":{"start":{"line":24,"column":29},"end":{"line":24,"column":33}},"21":{"start":{"line":25,"column":4},"end":{"line":25,"column":13}},"22":{"start":{"line":26,"column":31},"end":{"line":26,"column":35}},"23":{"start":{"line":27,"column":4},"end":{"line":27,"column":13}},"24":{"start":{"line":28,"column":31},"end":{"line":28,"column":35}},"25":{"start":{"line":29,"column":4},"end":{"line":29,"column":13}},"26":{"start":{"line":30,"column":31},"end":{"line":30,"column":35}},"27":{"start":{"line":31,"column":4},"end":{"line":31,"column":13}},"28":{"start":{"line":32,"column":31},"end":{"line":32,"column":35}},"29":{"start":{"line":33,"column":15},"end":{"line":33,"column":null}},"30":{"start":{"line":34,"column":4},"end":{"line":34,"column":11}},"31":{"start":{"line":38,"column":2},"end":{"line":38,"column":12}},"32":{"start":{"line":40,"column":4},"end":{"line":50,"column":null}},"33":{"start":{"line":41,"column":24},"end":{"line":41,"column":35}},"34":{"start":{"line":42,"column":31},"end":{"line":42,"column":null}},"35":{"start":{"line":43,"column":35},"end":{"line":43,"column":null}},"36":{"start":{"line":47,"column":8},"end":{"line":47,"column":16}},"37":{"start":{"line":49,"column":6},"end":{"line":49,"column":13}},"38":{"start":{"line":49,"column":13},"end":{"line":49,"column":19}},"39":{"start":{"line":53,"column":2},"end":{"line":53,"column":null}},"40":{"start":{"line":62,"column":15},"end":{"line":62,"column":26}}},"fnMap":{"0":{"name":"Timer","decl":{"start":{"line":10,"column":24},"end":{"line":10,"column":29}},"loc":{"start":{"line":10,"column":29},"end":{"line":60,"column":null}}},"1":{"name":"(anonymous_4)","decl":{"start":{"line":13,"column":41},"end":{"line":13,"column":42}},"loc":{"start":{"line":13,"column":41},"end":{"line":13,"column":42}}},"2":{"name":"onRender","decl":{"start":{"line":20,"column":8},"end":{"line":20,"column":16}},"loc":{"start":{"line":20,"column":31},"end":{"line":35,"column":null}}},"3":{"name":"(anonymous_6)","decl":{"start":{"line":38,"column":12},"end":{"line":38,"column":17}},"loc":{"start":{"line":38,"column":17},"end":{"line":51,"column":4}}},"4":{"name":"(anonymous_7)","decl":{"start":{"line":41,"column":35},"end":{"line":41,"column":40}},"loc":{"start":{"line":41,"column":40},"end":{"line":48,"column":9}}},"5":{"name":"(anonymous_8)","decl":{"start":{"line":49,"column":13},"end":{"line":49,"column":19}},"loc":{"start":{"line":49,"column":13},"end":{"line":49,"column":19}}}},"branchMap":{"0":{"loc":{"start":{"line":40,"column":4},"end":{"line":50,"column":null}},"type":"if","locations":[{"start":{"line":40,"column":4},"end":{"line":50,"column":null}},{"start":{"line":40,"column":4},"end":{"line":50,"column":null}}]}},"s":{"0":1,"1":1,"2":1,"3":1,"4":1,"5":60,"6":143,"7":60,"8":60,"9":60,"10":60,"11":60,"12":60,"13":60,"14":60,"15":60,"16":60,"17":60,"18":60,"19":60,"20":60,"21":60,"22":60,"23":60,"24":60,"25":60,"26":60,"27":60,"28":60,"29":60,"30":60,"31":60,"32":15,"33":13,"34":2,"35":2,"36":2,"37":13,"38":13,"39":60,"40":1},"f":{"0":60,"1":143,"2":60,"3":15,"4":2,"5":13},"b":{"0":[13,2]}}
,"C:\\Users\\ashee\\Documents\\Javascript\\React\\React Native\\suduko\\components\\Title.tsx": {"path":"C:\\Users\\ashee\\Documents\\Javascript\\React\\React Native\\suduko\\components\\Title.tsx","statementMap":{"0":{"start":{"line":1,"column":0},"end":{"line":1,"column":null}},"1":{"start":{"line":2,"column":0},"end":{"line":2,"column":null}},"2":{"start":{"line":4,"column":0},"end":{"line":4,"column":null}},"3":{"start":{"line":7,"column":2},"end":{"line":7,"column":null}},"4":{"start":{"line":18,"column":15},"end":{"line":18,"column":26}}},"fnMap":{"0":{"name":"Title","decl":{"start":{"line":5,"column":24},"end":{"line":5,"column":29}},"loc":{"start":{"line":5,"column":29},"end":{"line":16,"column":null}}}},"branchMap":{},"s":{"0":1,"1":1,"2":1,"3":19,"4":1},"f":{"0":19},"b":{}}
,"C:\\Users\\ashee\\Documents\\Javascript\\React\\React Native\\suduko\\components\\Toggle.tsx": {"path":"C:\\Users\\ashee\\Documents\\Javascript\\React\\React Native\\suduko\\components\\Toggle.tsx","statementMap":{"0":{"start":{"line":1,"column":0},"end":{"line":1,"column":null}},"1":{"start":{"line":3,"column":0},"end":{"line":3,"column":null}},"2":{"start":{"line":4,"column":0},"end":{"line":4,"column":null}},"3":{"start":{"line":5,"column":0},"end":{"line":5,"column":null}},"4":{"start":{"line":7,"column":0},"end":{"line":7,"column":null}},"5":{"start":{"line":10,"column":22},"end":{"line":10,"column":34}},"6":{"start":{"line":10,"column":34},"end":{"line":10,"column":35}},"7":{"start":{"line":10,"column":2},"end":{"line":10,"column":22}},"8":{"start":{"line":12,"column":19},"end":{"line":12,"column":null}},"9":{"start":{"line":14,"column":26},"end":{"line":14,"column":45}},"10":{"start":{"line":14,"column":2},"end":{"line":14,"column":26}},"11":{"start":{"line":17,"column":38},"end":{"line":17,"column":44}},"12":{"start":{"line":17,"column":2},"end":{"line":17,"column":9}},"13":{"start":{"line":19,"column":25},"end":{"line":22,"column":null}},"14":{"start":{"line":20,"column":4},"end":{"line":20,"column":17}},"15":{"start":{"line":21,"column":4},"end":{"line":21,"column":16}},"16":{"start":{"line":24,"column":2},"end":{"line":24,"column":null}}},"fnMap":{"0":{"name":"Toggle","decl":{"start":{"line":8,"column":24},"end":{"line":8,"column":30}},"loc":{"start":{"line":8,"column":30},"end":{"line":32,"column":null}}},"1":{"name":"(anonymous_4)","decl":{"start":{"line":10,"column":34},"end":{"line":10,"column":35}},"loc":{"start":{"line":10,"column":34},"end":{"line":10,"column":35}}},"2":{"name":"onToggleSwitch","decl":{"start":{"line":19,"column":8},"end":{"line":19,"column":22}},"loc":{"start":{"line":19,"column":30},"end":{"line":22,"column":null}}}},"branchMap":{},"s":{"0":1,"1":1,"2":1,"3":1,"4":1,"5":62,"6":145,"7":62,"8":62,"9":62,"10":62,"11":62,"12":186,"13":62,"14":4,"15":4,"16":62},"f":{"0":62,"1":145,"2":4},"b":{}}
,"C:\\Users\\ashee\\Documents\\Javascript\\React\\React Native\\suduko\\components\\Winner.tsx": {"path":"C:\\Users\\ashee\\Documents\\Javascript\\React\\React Native\\suduko\\components\\Winner.tsx","statementMap":{"0":{"start":{"line":1,"column":0},"end":{"line":1,"column":null}},"1":{"start":{"line":2,"column":0},"end":{"line":2,"column":null}},"2":{"start":{"line":3,"column":0},"end":{"line":3,"column":null}},"3":{"start":{"line":4,"column":0},"end":{"line":4,"column":null}},"4":{"start":{"line":5,"column":0},"end":{"line":5,"column":null}},"5":{"start":{"line":6,"column":0},"end":{"line":6,"column":null}},"6":{"start":{"line":10,"column":0},"end":{"line":10,"column":null}},"7":{"start":{"line":13,"column":52},"end":{"line":13,"column":64}},"8":{"start":{"line":13,"column":64},"end":{"line":13,"column":65}},"9":{"start":{"line":13,"column":2},"end":{"line":13,"column":15}},"10":{"start":{"line":13,"column":2},"end":{"line":13,"column":22}},"11":{"start":{"line":13,"column":2},"end":{"line":13,"column":33}},"12":{"start":{"line":13,"column":2},"end":{"line":13,"column":43}},"13":{"start":{"line":13,"column":2},"end":{"line":13,"column":52}},"14":{"start":{"line":14,"column":19},"end":{"line":14,"column":null}},"15":{"start":{"line":16,"column":59},"end":{"line":16,"column":78}},"16":{"start":{"line":16,"column":2},"end":{"line":16,"column":23}},"17":{"start":{"line":16,"column":2},"end":{"line":16,"column":37}},"18":{"start":{"line":16,"column":2},"end":{"line":16,"column":46}},"19":{"start":{"line":16,"column":2},"end":{"line":16,"column":59}},"20":{"start":{"line":18,"column":2},"end":{"line":18,"column":null}},"21":{"start":{"line":44,"column":15},"end":{"line":44,"column":26}}},"fnMap":{"0":{"name":"Winner","decl":{"start":{"line":11,"column":24},"end":{"line":11,"column":30}},"loc":{"start":{"line":11,"column":30},"end":{"line":42,"column":null}}},"1":{"name":"(anonymous_4)","decl":{"start":{"line":13,"column":64},"end":{"line":13,"column":65}},"loc":{"start":{"line":13,"column":64},"end":{"line":13,"column":65}}}},"branchMap":{},"s":{"0":1,"1":1,"2":1,"3":1,"4":1,"5":1,"6":1,"7":4,"8":8,"9":4,"10":4,"11":4,"12":4,"13":4,"14":4,"15":4,"16":4,"17":4,"18":4,"19":4,"20":4,"21":1},"f":{"0":4,"1":8},"b":{}}
,"C:\\Users\\ashee\\Documents\\Javascript\\React\\React Native\\suduko\\src\\state\\boardController.ts": {"path":"C:\\Users\\ashee\\Documents\\Javascript\\React\\React Native\\suduko\\src\\state\\boardController.ts","statementMap":{"0":{"start":{"line":3,"column":28},"end":{"line":3,"column":43}},"1":{"start":{"line":5,"column":2},"end":{"line":12,"column":null}},"2":{"start":{"line":7,"column":4},"end":{"line":7,"column":15}},"3":{"start":{"line":8,"column":4},"end":{"line":8,"column":null}},"4":{"start":{"line":10,"column":48},"end":{"line":10,"column":null}},"5":{"start":{"line":10,"column":5},"end":{"line":5,"column":null}},"6":{"start":{"line":10,"column":26},"end":{"line":5,"column":null}},"7":{"start":{"line":13,"column":2},"end":{"line":13,"column":9}},"8":{"start":{"line":23,"column":2},"end":{"line":29,"column":null}},"9":{"start":{"line":23,"column":15},"end":{"line":23,"column":18}},"10":{"start":{"line":24,"column":16},"end":{"line":24,"column":46}},"11":{"start":{"line":25,"column":16},"end":{"line":25,"column":null}},"12":{"start":{"line":26,"column":6},"end":{"line":28,"column":null}},"13":{"start":{"line":27,"column":8},"end":{"line":27,"column":15}},"14":{"start":{"line":30,"column":2},"end":{"line":30,"column":9}},"15":{"start":{"line":36,"column":2},"end":{"line":60,"column":null}},"16":{"start":{"line":36,"column":15},"end":{"line":36,"column":18}},"17":{"start":{"line":38,"column":4},"end":{"line":59,"column":null}},"18":{"start":{"line":38,"column":17},"end":{"line":38,"column":20}},"19":{"start":{"line":40,"column":6},"end":{"line":58,"column":null}},"20":{"start":{"line":42,"column":8},"end":{"line":56,"column":null}},"21":{"start":{"line":42,"column":21},"end":{"line":42,"column":24}},"22":{"start":{"line":45,"column":10},"end":{"line":55,"column":null}},"23":{"start":{"line":46,"column":12},"end":{"line":46,"column":16}},"24":{"start":{"line":49,"column":12},"end":{"line":54,"column":null}},"25":{"start":{"line":49,"column":45},"end":{"line":49,"column":49}},"26":{"start":{"line":50,"column":14},"end":{"line":50,"column":21}},"27":{"start":{"line":53,"column":14},"end":{"line":53,"column":18}},"28":{"start":{"line":57,"column":8},"end":{"line":57,"column":15}},"29":{"start":{"line":61,"column":2},"end":{"line":61,"column":9}},"30":{"start":{"line":66,"column":2},"end":{"line":90,"column":null}},"31":{"start":{"line":66,"column":15},"end":{"line":66,"column":18}},"32":{"start":{"line":67,"column":14},"end":{"line":67,"column":18}},"33":{"start":{"line":68,"column":14},"end":{"line":68,"column":18}},"34":{"start":{"line":69,"column":14},"end":{"line":69,"column":18}},"35":{"start":{"line":71,"column":4},"end":{"line":89,"column":null}},"36":{"start":{"line":71,"column":17},"end":{"line":71,"column":20}},"37":{"start":{"line":72,"column":17},"end":{"line":72,"column":22}},"38":{"start":{"line":73,"column":17},"end":{"line":73,"column":22}},"39":{"start":{"line":74,"column":17},"end":{"line":74,"column":22}},"40":{"start":{"line":76,"column":6},"end":{"line":79,"column":null}},"41":{"start":{"line":77,"column":8},"end":{"line":77,"column":34}},"42":{"start":{"line":77,"column":27},"end":{"line":77,"column":34}},"43":{"start":{"line":78,"column":8},"end":{"line":78,"column":11}},"44":{"start":{"line":80,"column":6},"end":{"line":83,"column":null}},"45":{"start":{"line":81,"column":8},"end":{"line":81,"column":34}},"46":{"start":{"line":81,"column":27},"end":{"line":81,"column":34}},"47":{"start":{"line":82,"column":8},"end":{"line":82,"column":11}},"48":{"start":{"line":85,"column":6},"end":{"line":88,"column":null}},"49":{"start":{"line":86,"column":8},"end":{"line":86,"column":34}},"50":{"start":{"line":86,"column":27},"end":{"line":86,"column":34}},"51":{"start":{"line":87,"column":8},"end":{"line":87,"column":11}},"52":{"start":{"line":91,"column":2},"end":{"line":91,"column":9}},"53":{"start":{"line":127,"column":21},"end":{"line":127,"column":25}},"54":{"start":{"line":128,"column":2},"end":{"line":128,"column":9}},"55":{"start":{"line":132,"column":6},"end":{"line":132,"column":11}},"56":{"start":{"line":133,"column":6},"end":{"line":133,"column":null}},"57":{"start":{"line":137,"column":6},"end":{"line":137,"column":11}},"58":{"start":{"line":138,"column":6},"end":{"line":138,"column":null}},"59":{"start":{"line":142,"column":6},"end":{"line":142,"column":11}},"60":{"start":{"line":143,"column":6},"end":{"line":143,"column":null}},"61":{"start":{"line":147,"column":6},"end":{"line":147,"column":11}},"62":{"start":{"line":148,"column":6},"end":{"line":148,"column":null}},"63":{"start":{"line":151,"column":2},"end":{"line":165,"column":null}},"64":{"start":{"line":151,"column":14},"end":{"line":151,"column":17}},"65":{"start":{"line":152,"column":21},"end":{"line":152,"column":25}},"66":{"start":{"line":153,"column":21},"end":{"line":153,"column":25}},"67":{"start":{"line":154,"column":4},"end":{"line":154,"column":10}},"68":{"start":{"line":154,"column":31},"end":{"line":154,"column":34}},"69":{"start":{"line":155,"column":24},"end":{"line":155,"column":32}},"70":{"start":{"line":155,"column":40},"end":{"line":155,"column":48}},"71":{"start":{"line":164,"column":4},"end":{"line":164,"column":12}},"72":{"start":{"line":166,"column":2},"end":{"line":166,"column":9}},"73":{"start":{"line":171,"column":2},"end":{"line":173,"column":null}},"74":{"start":{"line":171,"column":14},"end":{"line":171,"column":17}},"75":{"start":{"line":172,"column":4},"end":{"line":172,"column":39}},"76":{"start":{"line":172,"column":32},"end":{"line":172,"column":39}},"77":{"start":{"line":174,"column":2},"end":{"line":174,"column":9}}},"fnMap":{"0":{"name":"shuffle","decl":{"start":{"line":2,"column":16},"end":{"line":2,"column":24}},"loc":{"start":{"line":2,"column":39},"end":{"line":14,"column":null}}},"1":{"name":"isValid","decl":{"start":{"line":17,"column":16},"end":{"line":17,"column":24}},"loc":{"start":{"line":17,"column":81},"end":{"line":31,"column":null}}},"2":{"name":"generateBoard","decl":{"start":{"line":34,"column":16},"end":{"line":34,"column":30}},"loc":{"start":{"line":34,"column":52},"end":{"line":62,"column":null}}},"3":{"name":"(anonymous_3)","decl":{"start":{"line":49,"column":42},"end":{"line":49,"column":45}},"loc":{"start":{"line":49,"column":45},"end":{"line":49,"column":49}}},"4":{"name":"isValidSudoku","decl":{"start":{"line":65,"column":16},"end":{"line":65,"column":30}},"loc":{"start":{"line":65,"column":53},"end":{"line":92,"column":null}}},"5":{"name":"initBoard","decl":{"start":{"line":126,"column":16},"end":{"line":126,"column":26}},"loc":{"start":{"line":126,"column":72},"end":{"line":167,"column":null}}},"6":{"name":"(anonymous_6)","decl":{"start":{"line":155,"column":37},"end":{"line":155,"column":40}},"loc":{"start":{"line":155,"column":40},"end":{"line":155,"column":48}}},"7":{"name":"isCompleted","decl":{"start":{"line":170,"column":16},"end":{"line":170,"column":28}},"loc":{"start":{"line":170,"column":51},"end":{"line":175,"column":null}}}},"branchMap":{"0":{"loc":{"start":{"line":26,"column":6},"end":{"line":28,"column":null}},"type":"if","locations":[{"start":{"line":26,"column":6},"end":{"line":28,"column":null}},{"start":{"line":26,"column":6},"end":{"line":28,"column":null}}]},"1":{"loc":{"start":{"line":26,"column":10},"end":{"line":26,"column":32}},"type":"binary-expr","locations":[{"start":{"line":26,"column":10},"end":{"line":26,"column":32}},{"start":{"line":26,"column":32},"end":{"line":26,"column":54}},{"start":{"line":26,"column":54},"end":{"line":26,"column":72}}]},"2":{"loc":{"start":{"line":40,"column":6},"end":{"line":58,"column":null}},"type":"if","locations":[{"start":{"line":40,"column":6},"end":{"line":58,"column":null}},{"start":{"line":40,"column":6},"end":{"line":58,"column":null}}]},"3":{"loc":{"start":{"line":45,"column":10},"end":{"line":55,"column":null}},"type":"if","locations":[{"start":{"line":45,"column":10},"end":{"line":55,"column":null}},{"start":{"line":45,"column":10},"end":{"line":55,"column":null}}]},"4":{"loc":{"start":{"line":49,"column":12},"end":{"line":54,"column":null}},"type":"if","locations":[{"start":{"line":49,"column":12},"end":{"line":54,"column":null}},{"start":{"line":49,"column":12},"end":{"line":54,"column":null}}]},"5":{"loc":{"start":{"line":76,"column":6},"end":{"line":79,"column":null}},"type":"if","locations":[{"start":{"line":76,"column":6},"end":{"line":79,"column":null}},{"start":{"line":76,"column":6},"end":{"line":79,"column":null}}]},"6":{"loc":{"start":{"line":77,"column":8},"end":{"line":77,"column":34}},"type":"if","locations":[{"start":{"line":77,"column":8},"end":{"line":77,"column":34}},{"start":{"line":77,"column":8},"end":{"line":77,"column":34}}]},"7":{"loc":{"start":{"line":80,"column":6},"end":{"line":83,"column":null}},"type":"if","locations":[{"start":{"line":80,"column":6},"end":{"line":83,"column":null}},{"start":{"line":80,"column":6},"end":{"line":83,"column":null}}]},"8":{"loc":{"start":{"line":81,"column":8},"end":{"line":81,"column":34}},"type":"if","locations":[{"start":{"line":81,"column":8},"end":{"line":81,"column":34}},{"start":{"line":81,"column":8},"end":{"line":81,"column":34}}]},"9":{"loc":{"start":{"line":85,"column":6},"end":{"line":88,"column":null}},"type":"if","locations":[{"start":{"line":85,"column":6},"end":{"line":88,"column":null}},{"start":{"line":85,"column":6},"end":{"line":88,"column":null}}]},"10":{"loc":{"start":{"line":86,"column":8},"end":{"line":86,"column":34}},"type":"if","locations":[{"start":{"line":86,"column":8},"end":{"line":86,"column":34}},{"start":{"line":86,"column":8},"end":{"line":86,"column":34}}]},"11":{"loc":{"start":{"line":130,"column":4},"end":{"line":133,"column":null}},"type":"switch","locations":[{"start":{"line":130,"column":4},"end":{"line":133,"column":null}},{"start":{"line":135,"column":4},"end":{"line":138,"column":null}},{"start":{"line":140,"column":4},"end":{"line":143,"column":null}},{"start":{"line":145,"column":4},"end":{"line":148,"column":null}}]},"12":{"loc":{"start":{"line":172,"column":4},"end":{"line":172,"column":39}},"type":"if","locations":[{"start":{"line":172,"column":4},"end":{"line":172,"column":39}},{"start":{"line":172,"column":4},"end":{"line":172,"column":39}}]}},"s":{"0":4,"1":4,"2":36,"3":36,"4":36,"5":36,"6":36,"7":4,"8":1350,"9":1350,"10":4622,"11":4622,"12":4622,"13":1168,"14":182,"15":258,"16":258,"17":1604,"18":1604,"19":13962,"20":182,"21":182,"22":1350,"23":182,"24":182,"25":1172,"26":72,"27":110,"28":110,"29":76,"30":7,"31":7,"32":61,"33":61,"34":61,"35":61,"36":61,"37":548,"38":548,"39":548,"40":548,"41":543,"42":1,"43":542,"44":547,"45":542,"46":0,"47":542,"48":547,"49":542,"50":0,"51":542,"52":6,"53":4,"54":4,"55":1,"56":1,"57":1,"58":1,"59":1,"60":1,"61":1,"62":1,"63":4,"64":4,"65":208,"66":208,"67":208,"68":177,"69":208,"70":1872,"71":208,"72":4,"73":6,"74":6,"75":38,"76":4,"77":2},"f":{"0":4,"1":1350,"2":258,"3":1172,"4":7,"5":4,"6":1872,"7":6},"b":{"0":[1168,3454],"1":[4622,4113,3774],"2":[182,13780],"3":[182,1168],"4":[72,110],"5":[543,5],"6":[1,542],"7":[542,5],"8":[0,542],"9":[542,5],"10":[0,542],"11":[1,1,1,1],"12":[4,34]}}
,"C:\\Users\\ashee\\Documents\\Javascript\\React\\React Native\\suduko\\src\\state\\index.ts": {"path":"C:\\Users\\ashee\\Documents\\Javascript\\React\\React Native\\suduko\\src\\state\\index.ts","statementMap":{"0":{"start":{"line":1,"column":0},"end":{"line":1,"column":null}}},"fnMap":{"0":{"name":"(anonymous_0)","decl":{"start":{"line":1,"column":0},"end":{"line":1,"column":null}},"loc":{"start":{"line":1,"column":0},"end":{"line":1,"column":null}}}},"branchMap":{"0":{"loc":{"start":{"line":1,"column":0},"end":{"line":1,"column":null}},"type":"if","locations":[{"start":{"line":1,"column":0},"end":{"line":1,"column":null}},{"start":{"line":1,"column":0},"end":{"line":1,"column":null}}]}},"s":{"0":56774},"f":{"0":56730},"b":{"0":[40,60]}}
,"C:\\Users\\ashee\\Documents\\Javascript\\React\\React Native\\suduko\\src\\state\\actions\\actions.ts": {"path":"C:\\Users\\ashee\\Documents\\Javascript\\React\\React Native\\suduko\\src\\state\\actions\\actions.ts","statementMap":{"0":{"start":{"line":3,"column":24},"end":{"line":10,"column":null}},"1":{"start":{"line":4,"column":2},"end":{"line":4,"column":9}},"2":{"start":{"line":5,"column":4},"end":{"line":5,"column":12}},"3":{"start":{"line":11,"column":27},"end":{"line":18,"column":null}},"4":{"start":{"line":12,"column":2},"end":{"line":12,"column":9}},"5":{"start":{"line":13,"column":4},"end":{"line":13,"column":12}},"6":{"start":{"line":20,"column":29},"end":{"line":26,"column":null}},"7":{"start":{"line":21,"column":2},"end":{"line":21,"column":9}},"8":{"start":{"line":22,"column":4},"end":{"line":22,"column":12}},"9":{"start":{"line":27,"column":28},"end":{"line":34,"column":null}},"10":{"start":{"line":28,"column":2},"end":{"line":28,"column":9}},"11":{"start":{"line":29,"column":4},"end":{"line":29,"column":12}},"12":{"start":{"line":35,"column":29},"end":{"line":42,"column":null}},"13":{"start":{"line":36,"column":2},"end":{"line":36,"column":9}},"14":{"start":{"line":37,"column":4},"end":{"line":37,"column":12}},"15":{"start":{"line":43,"column":24},"end":{"line":50,"column":null}},"16":{"start":{"line":44,"column":2},"end":{"line":44,"column":9}},"17":{"start":{"line":45,"column":4},"end":{"line":45,"column":12}},"18":{"start":{"line":51,"column":28},"end":{"line":58,"column":null}},"19":{"start":{"line":52,"column":2},"end":{"line":52,"column":9}},"20":{"start":{"line":53,"column":4},"end":{"line":53,"column":12}},"21":{"start":{"line":59,"column":24},"end":{"line":66,"column":null}},"22":{"start":{"line":60,"column":2},"end":{"line":60,"column":9}},"23":{"start":{"line":61,"column":4},"end":{"line":61,"column":12}},"24":{"start":{"line":67,"column":28},"end":{"line":73,"column":null}},"25":{"start":{"line":68,"column":2},"end":{"line":68,"column":9}},"26":{"start":{"line":69,"column":4},"end":{"line":69,"column":12}},"27":{"start":{"line":75,"column":28},"end":{"line":82,"column":null}},"28":{"start":{"line":76,"column":2},"end":{"line":76,"column":9}},"29":{"start":{"line":77,"column":4},"end":{"line":77,"column":12}}},"fnMap":{"0":{"name":"setBoard","decl":{"start":{"line":3,"column":13},"end":{"line":3,"column":21}},"loc":{"start":{"line":3,"column":52},"end":{"line":10,"column":null}}},"1":{"name":"(anonymous_1)","decl":{"start":{"line":4,"column":9},"end":{"line":4,"column":10}},"loc":{"start":{"line":4,"column":26},"end":{"line":9,"column":null}}},"2":{"name":"changeColor","decl":{"start":{"line":11,"column":13},"end":{"line":11,"column":24}},"loc":{"start":{"line":11,"column":45},"end":{"line":18,"column":null}}},"3":{"name":"(anonymous_3)","decl":{"start":{"line":12,"column":9},"end":{"line":12,"column":10}},"loc":{"start":{"line":12,"column":26},"end":{"line":17,"column":null}}},"4":{"name":"defaultColors","decl":{"start":{"line":20,"column":13},"end":{"line":20,"column":26}},"loc":{"start":{"line":20,"column":34},"end":{"line":26,"column":null}}},"5":{"name":"(anonymous_5)","decl":{"start":{"line":21,"column":9},"end":{"line":21,"column":10}},"loc":{"start":{"line":21,"column":26},"end":{"line":25,"column":null}}},"6":{"name":"setSelection","decl":{"start":{"line":27,"column":13},"end":{"line":27,"column":25}},"loc":{"start":{"line":27,"column":47},"end":{"line":34,"column":null}}},"7":{"name":"(anonymous_7)","decl":{"start":{"line":28,"column":9},"end":{"line":28,"column":10}},"loc":{"start":{"line":28,"column":26},"end":{"line":33,"column":null}}},"8":{"name":"setDifficulty","decl":{"start":{"line":35,"column":13},"end":{"line":35,"column":26}},"loc":{"start":{"line":35,"column":52},"end":{"line":42,"column":null}}},"9":{"name":"(anonymous_9)","decl":{"start":{"line":36,"column":9},"end":{"line":36,"column":10}},"loc":{"start":{"line":36,"column":26},"end":{"line":41,"column":null}}},"10":{"name":"setTimer","decl":{"start":{"line":43,"column":13},"end":{"line":43,"column":21}},"loc":{"start":{"line":43,"column":40},"end":{"line":50,"column":null}}},"11":{"name":"(anonymous_11)","decl":{"start":{"line":44,"column":9},"end":{"line":44,"column":10}},"loc":{"start":{"line":44,"column":26},"end":{"line":49,"column":null}}},"12":{"name":"setEntryMode","decl":{"start":{"line":51,"column":13},"end":{"line":51,"column":25}},"loc":{"start":{"line":51,"column":50},"end":{"line":58,"column":null}}},"13":{"name":"(anonymous_13)","decl":{"start":{"line":52,"column":9},"end":{"line":52,"column":10}},"loc":{"start":{"line":52,"column":26},"end":{"line":57,"column":null}}},"14":{"name":"setNotes","decl":{"start":{"line":59,"column":13},"end":{"line":59,"column":21}},"loc":{"start":{"line":59,"column":40},"end":{"line":66,"column":null}}},"15":{"name":"(anonymous_15)","decl":{"start":{"line":60,"column":9},"end":{"line":60,"column":10}},"loc":{"start":{"line":60,"column":26},"end":{"line":65,"column":null}}},"16":{"name":"defaultNotes","decl":{"start":{"line":67,"column":13},"end":{"line":67,"column":25}},"loc":{"start":{"line":67,"column":33},"end":{"line":73,"column":null}}},"17":{"name":"(anonymous_17)","decl":{"start":{"line":68,"column":9},"end":{"line":68,"column":10}},"loc":{"start":{"line":68,"column":26},"end":{"line":72,"column":null}}},"18":{"name":"setGameState","decl":{"start":{"line":75,"column":13},"end":{"line":75,"column":25}},"loc":{"start":{"line":75,"column":52},"end":{"line":82,"column":null}}},"19":{"name":"(anonymous_19)","decl":{"start":{"line":76,"column":9},"end":{"line":76,"column":10}},"loc":{"start":{"line":76,"column":26},"end":{"line":81,"column":null}}}},"branchMap":{},"s":{"0":2,"1":10,"2":10,"3":2,"4":23,"5":23,"6":2,"7":4,"8":4,"9":2,"10":23,"11":23,"12":2,"13":4,"14":4,"15":2,"16":6,"17":6,"18":2,"19":4,"20":4,"21":2,"22":10,"23":10,"24":2,"25":4,"26":4,"27":2,"28":6,"29":6},"f":{"0":10,"1":10,"2":23,"3":23,"4":4,"5":4,"6":23,"7":23,"8":4,"9":4,"10":6,"11":6,"12":4,"13":4,"14":10,"15":10,"16":4,"17":4,"18":6,"19":6},"b":{}}
,"C:\\Users\\ashee\\Documents\\Javascript\\React\\React Native\\suduko\\src\\state\\actions\\types.ts": {"path":"C:\\Users\\ashee\\Documents\\Javascript\\React\\React Native\\suduko\\src\\state\\actions\\types.ts","statementMap":{"0":{"start":{"line":1,"column":33},"end":{"line":1,"column":null}},"1":{"start":{"line":3,"column":36},"end":{"line":3,"column":null}},"2":{"start":{"line":4,"column":38},"end":{"line":4,"column":null}},"3":{"start":{"line":6,"column":37},"end":{"line":6,"column":null}},"4":{"start":{"line":8,"column":38},"end":{"line":8,"column":null}},"5":{"start":{"line":10,"column":33},"end":{"line":10,"column":null}},"6":{"start":{"line":12,"column":38},"end":{"line":12,"column":null}},"7":{"start":{"line":14,"column":33},"end":{"line":14,"column":null}},"8":{"start":{"line":15,"column":37},"end":{"line":15,"column":null}},"9":{"start":{"line":17,"column":38},"end":{"line":17,"column":null}}},"fnMap":{},"branchMap":{},"s":{"0":4,"1":4,"2":4,"3":4,"4":4,"5":4,"6":4,"7":4,"8":4,"9":4},"f":{},"b":{}}
,"C:\\Users\\ashee\\Documents\\Javascript\\React\\React Native\\suduko\\src\\state\\reducers\\boardReducer.ts": {"path":"C:\\Users\\ashee\\Documents\\Javascript\\React\\React Native\\suduko\\src\\state\\reducers\\boardReducer.ts","statementMap":{"0":{"start":{"line":1,"column":0},"end":{"line":1,"column":null}},"1":{"start":{"line":2,"column":0},"end":{"line":2,"column":null}},"2":{"start":{"line":6,"column":38},"end":{"line":6,"column":39}},"3":{"start":{"line":7,"column":21},"end":{"line":14,"column":null}},"4":{"start":{"line":7,"column":56},"end":{"line":7,"column":41}},"5":{"start":{"line":7,"column":56},"end":{"line":7,"column":null}},"6":{"start":{"line":8,"column":2},"end":{"line":8,"column":9}},"7":{"start":{"line":10,"column":6},"end":{"line":10,"column":13}},"8":{"start":{"line":12,"column":6},"end":{"line":12,"column":13}},"9":{"start":{"line":16,"column":15},"end":{"line":16,"column":null}}},"fnMap":{"0":{"name":"boardReducer","decl":{"start":{"line":7,"column":6},"end":{"line":7,"column":18}},"loc":{"start":{"line":7,"column":56},"end":{"line":14,"column":null}}}},"branchMap":{"0":{"loc":{"start":{"line":7,"column":56},"end":{"line":7,"column":null}},"type":"cond-expr","locations":[{"start":{"line":7,"column":56},"end":{"line":7,"column":null}},{"start":{"line":7,"column":30},"end":{"line":7,"column":41}}]},"1":{"loc":{"start":{"line":7,"column":56},"end":{"line":7,"column":null}},"type":"binary-expr","locations":[{"start":{"line":7,"column":56},"end":{"line":7,"column":null}},{"start":{"line":7,"column":56},"end":{"line":7,"column":null}}]},"2":{"loc":{"start":{"line":9,"column":4},"end":{"line":10,"column":13}},"type":"switch","locations":[{"start":{"line":9,"column":4},"end":{"line":10,"column":13}},{"start":{"line":11,"column":4},"end":{"line":12,"column":13}}]}},"s":{"0":4,"1":4,"2":4,"3":4,"4":131,"5":131,"6":131,"7":10,"8":121,"9":4},"f":{"0":131},"b":{"0":[107,24],"1":[262,131],"2":[10,121]}}
,"C:\\Users\\ashee\\Documents\\Javascript\\React\\React Native\\suduko\\src\\state\\reducers\\colorReducer.ts": {"path":"C:\\Users\\ashee\\Documents\\Javascript\\React\\React Native\\suduko\\src\\state\\reducers\\colorReducer.ts","statementMap":{"0":{"start":{"line":1,"column":0},"end":{"line":1,"column":null}},"1":{"start":{"line":5,"column":21},"end":{"line":12,"column":null}},"2":{"start":{"line":6,"column":30},"end":{"line":6,"column":31}},"3":{"start":{"line":7,"column":28},"end":{"line":7,"column":null}},"4":{"start":{"line":8,"column":2},"end":{"line":10,"column":null}},"5":{"start":{"line":8,"column":14},"end":{"line":8,"column":17}},"6":{"start":{"line":9,"column":4},"end":{"line":9,"column":12}},"7":{"start":{"line":11,"column":2},"end":{"line":11,"column":9}},"8":{"start":{"line":14,"column":37},"end":{"line":14,"column":null}},"9":{"start":{"line":16,"column":28},"end":{"line":16,"column":null}},"10":{"start":{"line":37,"column":21},"end":{"line":37,"column":22}},"11":{"start":{"line":37,"column":21},"end":{"line":37,"column":44}},"12":{"start":{"line":39,"column":30},"end":{"line":39,"column":null}},"13":{"start":{"line":61,"column":2},"end":{"line":61,"column":9}},"14":{"start":{"line":63,"column":6},"end":{"line":66,"column":24}},"15":{"start":{"line":64,"column":8},"end":{"line":64,"column":20}},"16":{"start":{"line":65,"column":8},"end":{"line":65,"column":20}},"17":{"start":{"line":66,"column":12},"end":{"line":66,"column":24}},"18":{"start":{"line":67,"column":6},"end":{"line":67,"column":13}},"19":{"start":{"line":69,"column":6},"end":{"line":69,"column":18}},"20":{"start":{"line":70,"column":6},"end":{"line":70,"column":13}},"21":{"start":{"line":72,"column":6},"end":{"line":72,"column":13}},"22":{"start":{"line":76,"column":15},"end":{"line":76,"column":null}}},"fnMap":{"0":{"name":"initGradient","decl":{"start":{"line":5,"column":6},"end":{"line":5,"column":18}},"loc":{"start":{"line":5,"column":35},"end":{"line":12,"column":null}}},"1":{"name":"colorReducer","decl":{"start":{"line":37,"column":6},"end":{"line":37,"column":18}},"loc":{"start":{"line":37,"column":21},"end":{"line":37,"column":22}}},"2":{"name":"(anonymous_2)","decl":{"start":{"line":37,"column":21},"end":{"line":37,"column":22}},"loc":{"start":{"line":37,"column":58},"end":{"line":74,"column":null}}}},"branchMap":{"0":{"loc":{"start":{"line":37,"column":21},"end":{"line":37,"column":22}},"type":"cond-expr","locations":[{"start":{"line":37,"column":21},"end":{"line":37,"column":22}},{"start":{"line":37,"column":30},"end":{"line":37,"column":44}}]},"1":{"loc":{"start":{"line":37,"column":21},"end":{"line":37,"column":22}},"type":"binary-expr","locations":[{"start":{"line":37,"column":21},"end":{"line":37,"column":22}},{"start":{"line":37,"column":21},"end":{"line":37,"column":22}}]},"2":{"loc":{"start":{"line":62,"column":4},"end":{"line":67,"column":13}},"type":"switch","locations":[{"start":{"line":62,"column":4},"end":{"line":67,"column":13}},{"start":{"line":68,"column":4},"end":{"line":70,"column":13}},{"start":{"line":71,"column":4},"end":{"line":72,"column":13}}]},"3":{"loc":{"start":{"line":63,"column":6},"end":{"line":66,"column":24}},"type":"if","locations":[{"start":{"line":63,"column":6},"end":{"line":66,"column":24}},{"start":{"line":63,"column":6},"end":{"line":66,"column":24}}]}},"s":{"0":4,"1":4,"2":4,"3":4,"4":4,"5":4,"6":200,"7":4,"8":4,"9":4,"10":266,"11":131,"12":131,"13":131,"14":23,"15":4,"16":4,"17":19,"18":23,"19":4,"20":4,"21":104,"22":4},"f":{"0":4,"1":131,"2":131},"b":{"0":[107,24],"1":[262,131],"2":[23,4,104],"3":[4,19]}}
,"C:\\Users\\ashee\\Documents\\Javascript\\React\\React Native\\suduko\\src\\state\\reducers\\difficultyReducer.ts": {"path":"C:\\Users\\ashee\\Documents\\Javascript\\React\\React Native\\suduko\\src\\state\\reducers\\difficultyReducer.ts","statementMap":{"0":{"start":{"line":1,"column":0},"end":{"line":1,"column":null}},"1":{"start":{"line":2,"column":26},"end":{"line":9,"column":null}},"2":{"start":{"line":2,"column":56},"end":{"line":2,"column":41}},"3":{"start":{"line":2,"column":56},"end":{"line":2,"column":null}},"4":{"start":{"line":3,"column":2},"end":{"line":3,"column":9}},"5":{"start":{"line":5,"column":6},"end":{"line":5,"column":13}},"6":{"start":{"line":7,"column":6},"end":{"line":7,"column":13}},"7":{"start":{"line":11,"column":15},"end":{"line":11,"column":null}}},"fnMap":{"0":{"name":"difficultyReducer","decl":{"start":{"line":2,"column":6},"end":{"line":2,"column":23}},"loc":{"start":{"line":2,"column":56},"end":{"line":9,"column":null}}}},"branchMap":{"0":{"loc":{"start":{"line":2,"column":56},"end":{"line":2,"column":null}},"type":"cond-expr","locations":[{"start":{"line":2,"column":56},"end":{"line":2,"column":null}},{"start":{"line":2,"column":35},"end":{"line":2,"column":41}}]},"1":{"loc":{"start":{"line":2,"column":56},"end":{"line":2,"column":null}},"type":"binary-expr","locations":[{"start":{"line":2,"column":56},"end":{"line":2,"column":null}},{"start":{"line":2,"column":56},"end":{"line":2,"column":null}}]},"2":{"loc":{"start":{"line":4,"column":4},"end":{"line":5,"column":13}},"type":"switch","locations":[{"start":{"line":4,"column":4},"end":{"line":5,"column":13}},{"start":{"line":6,"column":4},"end":{"line":7,"column":13}}]}},"s":{"0":4,"1":4,"2":131,"3":131,"4":131,"5":4,"6":127,"7":4},"f":{"0":131},"b":{"0":[94,37],"1":[262,131],"2":[4,127]}}
,"C:\\Users\\ashee\\Documents\\Javascript\\React\\React Native\\suduko\\src\\state\\reducers\\entryModeReducer.ts": {"path":"C:\\Users\\ashee\\Documents\\Javascript\\React\\React Native\\suduko\\src\\state\\reducers\\entryModeReducer.ts","statementMap":{"0":{"start":{"line":1,"column":0},"end":{"line":1,"column":null}},"1":{"start":{"line":3,"column":25},"end":{"line":10,"column":null}},"2":{"start":{"line":3,"column":55},"end":{"line":3,"column":40}},"3":{"start":{"line":3,"column":55},"end":{"line":3,"column":null}},"4":{"start":{"line":4,"column":2},"end":{"line":4,"column":9}},"5":{"start":{"line":6,"column":6},"end":{"line":6,"column":13}},"6":{"start":{"line":8,"column":6},"end":{"line":8,"column":13}},"7":{"start":{"line":12,"column":15},"end":{"line":12,"column":null}}},"fnMap":{"0":{"name":"entryModeReducer","decl":{"start":{"line":3,"column":6},"end":{"line":3,"column":22}},"loc":{"start":{"line":3,"column":55},"end":{"line":10,"column":null}}}},"branchMap":{"0":{"loc":{"start":{"line":3,"column":55},"end":{"line":3,"column":null}},"type":"cond-expr","locations":[{"start":{"line":3,"column":55},"end":{"line":3,"column":null}},{"start":{"line":3,"column":34},"end":{"line":3,"column":40}}]},"1":{"loc":{"start":{"line":3,"column":55},"end":{"line":3,"column":null}},"type":"binary-expr","locations":[{"start":{"line":3,"column":55},"end":{"line":3,"column":null}},{"start":{"line":3,"column":55},"end":{"line":3,"column":null}}]},"2":{"loc":{"start":{"line":5,"column":4},"end":{"line":6,"column":13}},"type":"switch","locations":[{"start":{"line":5,"column":4},"end":{"line":6,"column":13}},{"start":{"line":7,"column":4},"end":{"line":8,"column":13}}]}},"s":{"0":4,"1":4,"2":131,"3":131,"4":131,"5":4,"6":127,"7":4},"f":{"0":131},"b":{"0":[94,37],"1":[262,131],"2":[4,127]}}
,"C:\\Users\\ashee\\Documents\\Javascript\\React\\React Native\\suduko\\src\\state\\reducers\\gameStateReducer.ts": {"path":"C:\\Users\\ashee\\Documents\\Javascript\\React\\React Native\\suduko\\src\\state\\reducers\\gameStateReducer.ts","statementMap":{"0":{"start":{"line":1,"column":0},"end":{"line":1,"column":null}},"1":{"start":{"line":4,"column":32},"end":{"line":4,"column":null}},"2":{"start":{"line":9,"column":25},"end":{"line":16,"column":null}},"3":{"start":{"line":9,"column":64},"end":{"line":9,"column":49}},"4":{"start":{"line":9,"column":64},"end":{"line":9,"column":null}},"5":{"start":{"line":10,"column":2},"end":{"line":10,"column":9}},"6":{"start":{"line":12,"column":6},"end":{"line":12,"column":13}},"7":{"start":{"line":14,"column":6},"end":{"line":14,"column":13}},"8":{"start":{"line":18,"column":15},"end":{"line":18,"column":null}}},"fnMap":{"0":{"name":"gameStateReducer","decl":{"start":{"line":9,"column":6},"end":{"line":9,"column":22}},"loc":{"start":{"line":9,"column":64},"end":{"line":16,"column":null}}}},"branchMap":{"0":{"loc":{"start":{"line":9,"column":64},"end":{"line":9,"column":null}},"type":"cond-expr","locations":[{"start":{"line":9,"column":64},"end":{"line":9,"column":null}},{"start":{"line":9,"column":34},"end":{"line":9,"column":49}}]},"1":{"loc":{"start":{"line":9,"column":64},"end":{"line":9,"column":null}},"type":"binary-expr","locations":[{"start":{"line":9,"column":64},"end":{"line":9,"column":null}},{"start":{"line":9,"column":64},"end":{"line":9,"column":null}}]},"2":{"loc":{"start":{"line":11,"column":4},"end":{"line":12,"column":13}},"type":"switch","locations":[{"start":{"line":11,"column":4},"end":{"line":12,"column":13}},{"start":{"line":13,"column":4},"end":{"line":14,"column":13}}]}},"s":{"0":4,"1":4,"2":4,"3":131,"4":131,"5":131,"6":6,"7":125,"8":4},"f":{"0":131},"b":{"0":[99,32],"1":[262,131],"2":[6,125]}}
,"C:\\Users\\ashee\\Documents\\Javascript\\React\\React Native\\suduko\\src\\state\\reducers\\index.ts": {"path":"C:\\Users\\ashee\\Documents\\Javascript\\React\\React Native\\suduko\\src\\state\\reducers\\index.ts","statementMap":{"0":{"start":{"line":1,"column":0},"end":{"line":1,"column":null}},"1":{"start":{"line":2,"column":0},"end":{"line":2,"column":null}},"2":{"start":{"line":3,"column":0},"end":{"line":3,"column":null}},"3":{"start":{"line":4,"column":0},"end":{"line":4,"column":null}},"4":{"start":{"line":5,"column":0},"end":{"line":5,"column":null}},"5":{"start":{"line":6,"column":0},"end":{"line":6,"column":null}},"6":{"start":{"line":7,"column":0},"end":{"line":7,"column":null}},"7":{"start":{"line":8,"column":0},"end":{"line":8,"column":null}},"8":{"start":{"line":9,"column":0},"end":{"line":9,"column":null}},"9":{"start":{"line":11,"column":17},"end":{"line":11,"column":33}},"10":{"start":{"line":24,"column":15},"end":{"line":24,"column":null}}},"fnMap":{},"branchMap":{},"s":{"0":4,"1":4,"2":4,"3":4,"4":4,"5":4,"6":4,"7":4,"8":4,"9":4,"10":4},"f":{},"b":{}}
,"C:\\Users\\ashee\\Documents\\Javascript\\React\\React Native\\suduko\\src\\state\\reducers\\notesReducer.ts": {"path":"C:\\Users\\ashee\\Documents\\Javascript\\React\\React Native\\suduko\\src\\state\\reducers\\notesReducer.ts","statementMap":{"0":{"start":{"line":1,"column":0},"end":{"line":1,"column":null}},"1":{"start":{"line":3,"column":21},"end":{"line":12,"column":null}},"2":{"start":{"line":3,"column":49},"end":{"line":3,"column":34}},"3":{"start":{"line":3,"column":49},"end":{"line":3,"column":null}},"4":{"start":{"line":4,"column":2},"end":{"line":4,"column":9}},"5":{"start":{"line":6,"column":6},"end":{"line":6,"column":13}},"6":{"start":{"line":8,"column":6},"end":{"line":8,"column":13}},"7":{"start":{"line":10,"column":6},"end":{"line":10,"column":13}},"8":{"start":{"line":14,"column":15},"end":{"line":14,"column":null}}},"fnMap":{"0":{"name":"notesReducer","decl":{"start":{"line":3,"column":6},"end":{"line":3,"column":18}},"loc":{"start":{"line":3,"column":49},"end":{"line":12,"column":null}}}},"branchMap":{"0":{"loc":{"start":{"line":3,"column":49},"end":{"line":3,"column":null}},"type":"cond-expr","locations":[{"start":{"line":3,"column":49},"end":{"line":3,"column":null}},{"start":{"line":3,"column":30},"end":{"line":3,"column":34}}]},"1":{"loc":{"start":{"line":3,"column":49},"end":{"line":3,"column":null}},"type":"binary-expr","locations":[{"start":{"line":3,"column":49},"end":{"line":3,"column":null}},{"start":{"line":3,"column":49},"end":{"line":3,"column":null}}]},"2":{"loc":{"start":{"line":5,"column":4},"end":{"line":6,"column":13}},"type":"switch","locations":[{"start":{"line":5,"column":4},"end":{"line":6,"column":13}},{"start":{"line":7,"column":4},"end":{"line":8,"column":13}},{"start":{"line":9,"column":4},"end":{"line":10,"column":13}}]}},"s":{"0":4,"1":4,"2":131,"3":131,"4":131,"5":10,"6":4,"7":117,"8":4},"f":{"0":131},"b":{"0":[94,37],"1":[262,131],"2":[10,4,117]}}
,"C:\\Users\\ashee\\Documents\\Javascript\\React\\React Native\\suduko\\src\\state\\reducers\\selectionReducer.ts": {"path":"C:\\Users\\ashee\\Documents\\Javascript\\React\\React Native\\suduko\\src\\state\\reducers\\selectionReducer.ts","statementMap":{"0":{"start":{"line":1,"column":0},"end":{"line":1,"column":null}},"1":{"start":{"line":3,"column":25},"end":{"line":10,"column":null}},"2":{"start":{"line":3,"column":52},"end":{"line":3,"column":37}},"3":{"start":{"line":3,"column":52},"end":{"line":3,"column":null}},"4":{"start":{"line":4,"column":2},"end":{"line":4,"column":9}},"5":{"start":{"line":6,"column":6},"end":{"line":6,"column":13}},"6":{"start":{"line":8,"column":6},"end":{"line":8,"column":13}},"7":{"start":{"line":12,"column":15},"end":{"line":12,"column":null}}},"fnMap":{"0":{"name":"selectionReducer","decl":{"start":{"line":3,"column":6},"end":{"line":3,"column":22}},"loc":{"start":{"line":3,"column":52},"end":{"line":10,"column":null}}}},"branchMap":{"0":{"loc":{"start":{"line":3,"column":52},"end":{"line":3,"column":null}},"type":"cond-expr","locations":[{"start":{"line":3,"column":52},"end":{"line":3,"column":null}},{"start":{"line":3,"column":34},"end":{"line":3,"column":37}}]},"1":{"loc":{"start":{"line":3,"column":52},"end":{"line":3,"column":null}},"type":"binary-expr","locations":[{"start":{"line":3,"column":52},"end":{"line":3,"column":null}},{"start":{"line":3,"column":52},"end":{"line":3,"column":null}}]},"2":{"loc":{"start":{"line":5,"column":4},"end":{"line":6,"column":13}},"type":"switch","locations":[{"start":{"line":5,"column":4},"end":{"line":6,"column":13}},{"start":{"line":7,"column":4},"end":{"line":8,"column":13}}]}},"s":{"0":4,"1":4,"2":131,"3":131,"4":131,"5":23,"6":108,"7":4},"f":{"0":131},"b":{"0":[94,37],"1":[262,131],"2":[23,108]}}
,"C:\\Users\\ashee\\Documents\\Javascript\\React\\React Native\\suduko\\src\\state\\reducers\\timeReducer.ts": {"path":"C:\\Users\\ashee\\Documents\\Javascript\\React\\React Native\\suduko\\src\\state\\reducers\\timeReducer.ts","statementMap":{"0":{"start":{"line":1,"column":0},"end":{"line":1,"column":null}},"1":{"start":{"line":4,"column":24},"end":{"line":4,"column":null}},"2":{"start":{"line":8,"column":20},"end":{"line":15,"column":null}},"3":{"start":{"line":8,"column":55},"end":{"line":8,"column":40}},"4":{"start":{"line":8,"column":55},"end":{"line":8,"column":null}},"5":{"start":{"line":9,"column":2},"end":{"line":9,"column":9}},"6":{"start":{"line":11,"column":6},"end":{"line":11,"column":13}},"7":{"start":{"line":13,"column":6},"end":{"line":13,"column":13}},"8":{"start":{"line":17,"column":15},"end":{"line":17,"column":null}}},"fnMap":{"0":{"name":"timeReducer","decl":{"start":{"line":8,"column":6},"end":{"line":8,"column":17}},"loc":{"start":{"line":8,"column":55},"end":{"line":15,"column":null}}}},"branchMap":{"0":{"loc":{"start":{"line":8,"column":55},"end":{"line":8,"column":null}},"type":"cond-expr","locations":[{"start":{"line":8,"column":55},"end":{"line":8,"column":null}},{"start":{"line":8,"column":29},"end":{"line":8,"column":40}}]},"1":{"loc":{"start":{"line":8,"column":55},"end":{"line":8,"column":null}},"type":"binary-expr","locations":[{"start":{"line":8,"column":55},"end":{"line":8,"column":null}},{"start":{"line":8,"column":55},"end":{"line":8,"column":null}}]},"2":{"loc":{"start":{"line":10,"column":4},"end":{"line":11,"column":13}},"type":"switch","locations":[{"start":{"line":10,"column":4},"end":{"line":11,"column":13}},{"start":{"line":12,"column":4},"end":{"line":13,"column":13}}]}},"s":{"0":4,"1":4,"2":4,"3":131,"4":131,"5":131,"6":6,"7":125,"8":4},"f":{"0":131},"b":{"0":[94,37],"1":[262,131],"2":[6,125]}}
}
