TN:
SF:components\Home.tsx
FN:12,Home
FN:20,(anonymous_9)
FN:25,handlePress
FN:34,onPress
FN:44,onPress
FN:64,onPress
FN:89,onPress
FN:98,onPress
FNF:8
FNH:8
FNDA:19,Home
FNDA:29,(anonymous_9)
FNDA:5,handlePress
FNDA:6,onPress
FNDA:5,onPress
FNDA:1,onPress
FNDA:1,onPress
FNDA:1,onPress
DA:1,1
DA:2,1
DA:4,1
DA:7,1
DA:10,1
DA:12,19
DA:15,57
DA:17,57
DA:20,29
DA:21,19
DA:22,19
DA:25,19
DA:26,5
DA:29,19
DA:35,6
DA:36,4
DA:45,5
DA:46,3
DA:64,1
DA:89,1
DA:98,1
DA:112,1
LF:22
LH:22
BRDA:35,0,0,2
BRDA:35,0,1,4
BRDA:45,1,0,2
BRDA:45,1,1,3
BRF:4
BRH:4
end_of_record
TN:
SF:components\TextStroke.tsx
FN:16,TextStroke
FN:17,createClones
FN:19,(anonymous_10)
FNF:3
FNH:3
FNDA:21,TextStroke
FNDA:168,createClones
FNDA:168,(anonymous_10)
DA:1,1
DA:2,1
DA:10,1
DA:17,21
DA:18,168
DA:19,168
DA:20,168
DA:21,168
DA:22,168
DA:24,168
DA:36,168
DA:38,0
DA:42,21
DA:43,21
DA:44,21
DA:45,21
DA:46,21
DA:47,21
DA:48,21
DA:49,21
DA:50,21
DA:51,21
DA:53,21
LF:23
LH:22
BRDA:20,0,0,168
BRDA:20,0,1,0
BRDA:22,1,0,168
BRDA:22,1,1,0
BRDA:22,2,0,168
BRDA:22,2,1,8
BRF:6
BRH:4
end_of_record
TN:
SF:components\Title.tsx
FN:5,Title
FNF:1
FNH:1
FNDA:20,Title
DA:1,1
DA:2,1
DA:4,1
DA:7,20
DA:18,1
LF:5
LH:5
BRF:0
BRH:0
end_of_record
TN:
SF:src\state\boardController.ts
FN:2,shuffle
FN:17,isValid
FN:34,generateBoard
FN:49,(anonymous_3)
FN:65,isValidSudoku
FN:95,isSolvable
FN:126,initBoard
FN:149,(anonymous_7)
FN:163,isCompleted
FNF:9
FNH:1
FNDA:1,shuffle
FNDA:0,isValid
FNDA:0,generateBoard
FNDA:0,(anonymous_3)
FNDA:0,isValidSudoku
FNDA:0,isSolvable
FNDA:0,initBoard
FNDA:0,(anonymous_7)
FNDA:0,isCompleted
DA:3,1
DA:5,1
DA:7,9
DA:8,9
DA:10,9
DA:13,1
DA:23,0
DA:24,0
DA:25,0
DA:26,0
DA:27,0
DA:30,0
DA:36,0
DA:38,0
DA:40,0
DA:42,0
DA:45,0
DA:46,0
DA:49,0
DA:50,0
DA:53,0
DA:57,0
DA:61,0
DA:66,0
DA:67,0
DA:68,0
DA:69,0
DA:71,0
DA:72,0
DA:73,0
DA:74,0
DA:76,0
DA:77,0
DA:78,0
DA:80,0
DA:81,0
DA:82,0
DA:85,0
DA:86,0
DA:87,0
DA:91,0
DA:97,0
DA:99,0
DA:101,0
DA:103,0
DA:106,0
DA:107,0
DA:110,0
DA:111,0
DA:114,0
DA:118,0
DA:122,0
DA:128,0
DA:130,0
DA:131,0
DA:133,0
DA:134,0
DA:136,0
DA:137,0
DA:139,0
DA:140,0
DA:142,0
DA:145,0
DA:146,0
DA:147,0
DA:148,0
DA:149,0
DA:150,0
DA:151,0
DA:152,0
DA:153,0
DA:154,0
DA:155,0
DA:157,0
DA:159,0
DA:164,0
DA:165,0
DA:167,0
LF:78
LH:6
BRDA:26,0,0,0
BRDA:26,0,1,0
BRDA:26,1,0,0
BRDA:26,1,1,0
BRDA:26,1,2,0
BRDA:40,2,0,0
BRDA:40,2,1,0
BRDA:45,3,0,0
BRDA:45,3,1,0
BRDA:49,4,0,0
BRDA:49,4,1,0
BRDA:76,5,0,0
BRDA:76,5,1,0
BRDA:77,6,0,0
BRDA:77,6,1,0
BRDA:80,7,0,0
BRDA:80,7,1,0
BRDA:81,8,0,0
BRDA:81,8,1,0
BRDA:85,9,0,0
BRDA:85,9,1,0
BRDA:86,10,0,0
BRDA:86,10,1,0
BRDA:101,11,0,0
BRDA:101,11,1,0
BRDA:106,12,0,0
BRDA:106,12,1,0
BRDA:110,13,0,0
BRDA:110,13,1,0
BRDA:129,14,0,0
BRDA:129,14,1,0
BRDA:129,14,2,0
BRDA:129,14,3,0
BRDA:129,14,4,0
BRDA:165,15,0,0
BRDA:165,15,1,0
BRF:36
BRH:0
end_of_record
TN:
SF:src\state\actions\types.ts
FNF:0
FNH:0
DA:1,1
DA:3,1
DA:4,1
DA:6,1
DA:8,1
DA:10,1
DA:12,1
DA:14,1
DA:15,1
DA:17,1
LF:10
LH:10
BRF:0
BRH:0
end_of_record
TN:
SF:src\state\reducers\boardReducer.ts
FN:7,boardReducer
FNF:1
FNH:1
FNDA:12,boardReducer
DA:1,1
DA:2,1
DA:6,1
DA:7,12
DA:8,12
DA:10,0
DA:12,12
DA:16,1
LF:8
LH:7
BRDA:7,0,0,0
BRDA:7,0,1,12
BRDA:7,1,0,24
BRDA:7,1,1,12
BRDA:9,2,0,0
BRDA:9,2,1,12
BRF:6
BRH:4
end_of_record
TN:
SF:src\state\reducers\colorReducer.ts
FN:5,initGradient
FN:37,colorReducer
FN:37,(anonymous_2)
FNF:3
FNH:3
FNDA:1,initGradient
FNDA:12,colorReducer
FNDA:12,(anonymous_2)
DA:1,1
DA:5,1
DA:6,1
DA:7,1
DA:8,1
DA:9,50
DA:11,1
DA:14,1
DA:16,1
DA:37,25
DA:39,12
DA:61,12
DA:63,0
DA:64,0
DA:65,0
DA:66,0
DA:67,0
DA:69,0
DA:70,0
DA:72,12
DA:76,1
LF:21
LH:14
BRDA:37,0,0,0
BRDA:37,0,1,12
BRDA:37,1,0,24
BRDA:37,1,1,12
BRDA:62,2,0,0
BRDA:62,2,1,0
BRDA:62,2,2,12
BRDA:63,3,0,0
BRDA:63,3,1,0
BRF:9
BRH:4
end_of_record
TN:
SF:src\state\reducers\difficultyReducer.ts
FN:2,difficultyReducer
FNF:1
FNH:1
FNDA:12,difficultyReducer
DA:1,1
DA:2,12
DA:3,12
DA:5,0
DA:7,12
DA:11,1
LF:6
LH:5
BRDA:2,0,0,0
BRDA:2,0,1,12
BRDA:2,1,0,24
BRDA:2,1,1,12
BRDA:4,2,0,0
BRDA:4,2,1,12
BRF:6
BRH:4
end_of_record
TN:
SF:src\state\reducers\entryModeReducer.ts
FN:3,entryModeReducer
FNF:1
FNH:1
FNDA:12,entryModeReducer
DA:1,1
DA:3,12
DA:4,12
DA:6,0
DA:8,12
DA:12,1
LF:6
LH:5
BRDA:3,0,0,0
BRDA:3,0,1,12
BRDA:3,1,0,24
BRDA:3,1,1,12
BRDA:5,2,0,0
BRDA:5,2,1,12
BRF:6
BRH:4
end_of_record
TN:
SF:src\state\reducers\gameStateReducer.ts
FN:9,gameStateReducer
FNF:1
FNH:1
FNDA:12,gameStateReducer
DA:1,1
DA:4,1
DA:9,12
DA:10,12
DA:12,0
DA:14,12
DA:18,1
LF:7
LH:6
BRDA:9,0,0,5
BRDA:9,0,1,7
BRDA:9,1,0,24
BRDA:9,1,1,12
BRDA:11,2,0,0
BRDA:11,2,1,12
BRF:6
BRH:5
end_of_record
TN:
SF:src\state\reducers\index.ts
FNF:0
FNH:0
DA:1,1
DA:2,1
DA:3,1
DA:4,1
DA:5,1
DA:6,1
DA:7,1
DA:8,1
DA:9,1
DA:11,1
DA:24,1
LF:11
LH:11
BRF:0
BRH:0
end_of_record
TN:
SF:src\state\reducers\notesReducer.ts
FN:3,notesReducer
FNF:1
FNH:1
FNDA:12,notesReducer
DA:1,1
DA:3,12
DA:4,12
DA:6,0
DA:8,0
DA:10,12
DA:14,1
LF:7
LH:5
BRDA:3,0,0,0
BRDA:3,0,1,12
BRDA:3,1,0,24
BRDA:3,1,1,12
BRDA:5,2,0,0
BRDA:5,2,1,0
BRDA:5,2,2,12
BRF:7
BRH:4
end_of_record
TN:
SF:src\state\reducers\selectionReducer.ts
FN:3,selectionReducer
FNF:1
FNH:1
FNDA:12,selectionReducer
DA:1,1
DA:3,12
DA:4,12
DA:6,0
DA:8,12
DA:12,1
LF:6
LH:5
BRDA:3,0,0,0
BRDA:3,0,1,12
BRDA:3,1,0,24
BRDA:3,1,1,12
BRDA:5,2,0,0
BRDA:5,2,1,12
BRF:6
BRH:4
end_of_record
TN:
SF:src\state\reducers\timeReducer.ts
FN:8,timeReducer
FNF:1
FNH:1
FNDA:12,timeReducer
DA:1,1
DA:4,1
DA:8,12
DA:9,12
DA:11,0
DA:13,12
DA:17,1
LF:7
LH:6
BRDA:8,0,0,0
BRDA:8,0,1,12
BRDA:8,1,0,24
BRDA:8,1,1,12
BRDA:10,2,0,0
BRDA:10,2,1,12
BRF:6
BRH:4
end_of_record
