TN:
SF:assets\fonts\JustAnotherHand-Regular.ttf
FNF:0
FNH:0
DA:1,1
LF:1
LH:1
BRF:0
BRH:0
end_of_record
TN:
SF:assets\fonts\SpaceMono-Regular.ttf
FNF:0
FNH:0
DA:1,1
LF:1
LH:1
BRF:0
BRH:0
end_of_record
TN:
SF:assets\images\square.jpg
FNF:0
FNH:0
DA:1,1
LF:1
LH:1
BRF:0
BRH:0
end_of_record
TN:
SF:components\Board.tsx
FN:6,Board
FNF:1
FNH:1
FNDA:58,Board
DA:1,1
DA:2,1
DA:4,1
DA:8,58
DA:80,1
LF:5
LH:5
BRF:0
BRH:0
end_of_record
TN:
SF:components\DifficultySelection.tsx
FN:12,DifficultySelection
FN:21,(anonymous_9)
FN:38,handlePress
FN:43,(anonymous_11)
FN:64,onPress
FN:74,onPress
FN:81,onPress
FN:88,onPress
FN:95,onPress
FNF:9
FNH:9
FNDA:10,DifficultySelection
FNDA:40,(anonymous_9)
FNDA:4,handlePress
FNDA:36,(anonymous_11)
FNDA:1,onPress
FNDA:1,onPress
FNDA:1,onPress
FNDA:1,onPress
FNDA:1,onPress
DA:1,1
DA:2,1
DA:5,1
DA:6,1
DA:7,1
DA:9,1
DA:12,10
DA:15,10
DA:21,40
DA:22,10
DA:24,10
DA:26,10
DA:33,10
DA:38,10
DA:40,4
DA:42,4
DA:43,36
DA:44,4
DA:47,4
DA:48,4
DA:50,4
DA:52,4
DA:55,4
DA:57,4
DA:59,10
DA:64,1
DA:74,1
DA:81,1
DA:88,1
DA:95,1
DA:104,1
LF:31
LH:31
BRF:0
BRH:0
end_of_record
TN:
SF:components\GameDisplay.tsx
FN:15,GameDisplay
FN:18,(anonymous_9)
FN:24,boardCompleted
FN:30,onPress
FN:41,(anonymous_12)
FN:44,(anonymous_13)
FN:56,onPress
FNF:7
FNH:6
FNDA:58,GameDisplay
FNDA:141,(anonymous_9)
FNDA:58,boardCompleted
FNDA:1,onPress
FNDA:15,(anonymous_12)
FNDA:0,(anonymous_13)
FNDA:1,onPress
DA:1,1
DA:2,1
DA:4,1
DA:10,1
DA:11,1
DA:12,1
DA:13,1
DA:15,58
DA:18,141
DA:19,58
DA:20,58
DA:24,58
DA:25,58
DA:27,4
DA:30,1
DA:37,54
DA:41,58
DA:42,15
DA:44,2
DA:48,58
DA:56,1
DA:76,1
LF:22
LH:22
BRDA:25,0,0,4
BRDA:25,0,1,54
BRDA:42,1,0,2
BRDA:42,1,1,13
BRF:4
BRH:4
end_of_record
TN:
SF:components\GridSquare.tsx
FN:10,GridSquare
FN:12,(anonymous_4)
FN:22,handleOnPress
FN:33,(anonymous_6)
FN:36,(anonymous_7)
FN:40,(anonymous_8)
FN:63,renderNotes
FNF:7
FNH:7
FNDA:4860,GridSquare
FNDA:11583,(anonymous_4)
FNDA:21,handleOnPress
FNDA:63,(anonymous_6)
FNDA:63,(anonymous_7)
FNDA:54,(anonymous_8)
FNDA:102,renderNotes
DA:1,1
DA:2,1
DA:3,1
DA:4,1
DA:5,1
DA:6,1
DA:12,11583
DA:13,4860
DA:15,4860
DA:17,4860
DA:19,4860
DA:20,4860
DA:22,4860
DA:27,21
DA:28,4
DA:29,4
DA:32,17
DA:33,63
DA:34,7
DA:36,63
DA:37,6
DA:40,54
DA:41,2
DA:47,10
DA:49,10
DA:51,10
DA:54,8
DA:56,2
DA:58,10
DA:63,4860
DA:65,102
DA:68,17
DA:70,17
DA:74,17
DA:76,17
DA:78,17
DA:80,153
DA:92,153
DA:93,51
DA:101,51
DA:102,51
DA:104,153
DA:108,17
DA:117,4860
DA:165,1
LF:45
LH:45
BRDA:20,0,0,4758
BRDA:20,0,1,102
BRDA:27,1,0,4
BRDA:27,1,1,17
BRDA:32,2,0,7
BRDA:32,2,1,10
BRDA:32,3,0,17
BRDA:32,3,1,17
BRDA:36,4,0,6
BRDA:36,4,1,1
BRDA:40,5,0,2
BRDA:40,5,1,4
BRDA:51,6,0,8
BRDA:51,6,1,2
BRDA:54,7,0,7
BRDA:54,7,1,1
BRDA:65,8,0,85
BRDA:65,8,1,17
BRDA:65,9,0,102
BRDA:65,9,1,102
BRDA:92,10,0,51
BRDA:92,10,1,102
BRDA:92,11,0,153
BRDA:92,11,1,51
BRDA:145,12,0,102
BRDA:145,12,1,4758
BRF:26
BRH:26
end_of_record
TN:
SF:components\Home.tsx
FN:12,Home
FN:20,(anonymous_9)
FN:25,handlePress
FN:34,onPress
FN:44,onPress
FN:64,onPress
FN:89,onPress
FN:98,onPress
FNF:8
FNH:8
FNDA:19,Home
FNDA:29,(anonymous_9)
FNDA:5,handlePress
FNDA:6,onPress
FNDA:5,onPress
FNDA:1,onPress
FNDA:1,onPress
FNDA:1,onPress
DA:1,1
DA:2,1
DA:4,1
DA:7,1
DA:10,1
DA:12,19
DA:15,57
DA:17,57
DA:20,29
DA:21,19
DA:22,19
DA:25,19
DA:26,5
DA:29,19
DA:35,6
DA:36,4
DA:45,5
DA:46,3
DA:64,1
DA:89,1
DA:98,1
DA:112,1
LF:22
LH:22
BRDA:35,0,0,2
BRDA:35,0,1,4
BRDA:45,1,0,2
BRDA:45,1,1,3
BRF:4
BRH:4
end_of_record
TN:
SF:components\SelectionBar.tsx
FN:12,SelectionBar
FN:16,(anonymous_6)
FN:19,onRender
FNF:3
FNH:3
FNDA:60,SelectionBar
FNDA:143,(anonymous_6)
FNDA:60,onRender
DA:1,1
DA:2,1
DA:3,1
DA:6,1
DA:7,1
DA:8,1
DA:16,143
DA:17,60
DA:19,60
DA:20,60
DA:21,60
DA:22,540
DA:34,60
DA:37,60
DA:54,1
LF:15
LH:15
BRF:0
BRH:0
end_of_record
TN:
SF:components\SelectionSquare.tsx
FN:13,SelectionSquare
FN:17,(anonymous_4)
FN:22,handleOnPress
FNF:3
FNH:3
FNDA:675,SelectionSquare
FNDA:1422,(anonymous_4)
FNDA:19,handleOnPress
DA:1,1
DA:2,1
DA:3,1
DA:4,1
DA:5,1
DA:7,1
DA:8,1
DA:15,675
DA:17,1422
DA:18,675
DA:19,675
DA:20,675
DA:22,675
DA:23,19
DA:24,19
DA:26,1350
DA:31,675
DA:32,117
DA:34,558
DA:35,558
DA:36,558
DA:85,1
LF:22
LH:22
BRDA:31,0,0,117
BRDA:31,0,1,558
BRDA:34,1,0,315
BRDA:34,1,1,243
BRDA:35,2,0,315
BRDA:35,2,1,243
BRDA:41,3,0,496
BRDA:41,3,1,62
BRDA:40,4,0,558
BRDA:40,4,1,62
BRF:10
BRH:10
end_of_record
TN:
SF:components\SubBox.tsx
FN:7,SubBox
FNF:1
FNH:1
FNDA:522,SubBox
DA:1,1
DA:2,1
DA:4,1
DA:10,522
DA:12,522
DA:60,1
LF:6
LH:6
BRF:0
BRH:0
end_of_record
TN:
SF:components\TextStroke.tsx
FN:16,TextStroke
FN:17,createClones
FN:19,(anonymous_10)
FNF:3
FNH:3
FNDA:24,TextStroke
FNDA:192,createClones
FNDA:192,(anonymous_10)
DA:1,3
DA:2,3
DA:10,3
DA:17,24
DA:18,192
DA:19,192
DA:20,192
DA:21,192
DA:22,192
DA:34,192
DA:38,24
DA:39,24
DA:40,24
DA:41,24
DA:42,24
DA:43,24
DA:44,24
DA:45,24
DA:46,24
DA:47,24
DA:49,24
LF:21
LH:21
BRDA:21,0,0,192
BRDA:21,0,1,8
BRF:2
BRH:2
end_of_record
TN:
SF:components\Timer.tsx
FN:10,Timer
FN:13,(anonymous_4)
FN:20,onRender
FN:38,(anonymous_6)
FN:41,(anonymous_7)
FN:49,(anonymous_8)
FNF:6
FNH:6
FNDA:60,Timer
FNDA:143,(anonymous_4)
FNDA:60,onRender
FNDA:15,(anonymous_6)
FNDA:2,(anonymous_7)
FNDA:13,(anonymous_8)
DA:1,1
DA:2,1
DA:3,1
DA:4,1
DA:5,1
DA:13,143
DA:14,60
DA:15,60
DA:16,60
DA:17,60
DA:20,60
DA:21,60
DA:22,60
DA:23,60
DA:24,60
DA:25,60
DA:26,60
DA:27,60
DA:28,60
DA:29,60
DA:30,60
DA:31,60
DA:32,60
DA:33,60
DA:34,60
DA:38,60
DA:40,15
DA:41,13
DA:42,2
DA:43,2
DA:47,2
DA:49,13
DA:53,60
DA:62,1
LF:34
LH:34
BRDA:40,0,0,13
BRDA:40,0,1,2
BRF:2
BRH:2
end_of_record
TN:
SF:components\Title.tsx
FN:5,Title
FNF:1
FNH:1
FNDA:19,Title
DA:1,1
DA:2,1
DA:4,1
DA:7,19
DA:18,1
LF:5
LH:5
BRF:0
BRH:0
end_of_record
TN:
SF:components\Toggle.tsx
FN:8,Toggle
FN:10,(anonymous_4)
FN:19,onToggleSwitch
FNF:3
FNH:3
FNDA:62,Toggle
FNDA:145,(anonymous_4)
FNDA:4,onToggleSwitch
DA:1,1
DA:3,1
DA:4,1
DA:5,1
DA:7,1
DA:10,145
DA:12,62
DA:14,62
DA:17,186
DA:19,62
DA:20,4
DA:21,4
DA:24,62
LF:13
LH:13
BRF:0
BRH:0
end_of_record
TN:
SF:components\Winner.tsx
FN:11,Winner
FN:13,(anonymous_4)
FNF:2
FNH:2
FNDA:4,Winner
FNDA:8,(anonymous_4)
DA:1,1
DA:2,1
DA:3,1
DA:4,1
DA:5,1
DA:6,1
DA:10,1
DA:13,8
DA:14,4
DA:16,4
DA:18,4
DA:44,1
LF:12
LH:12
BRF:0
BRH:0
end_of_record
TN:
SF:src\state\boardController.ts
FN:2,shuffle
FN:17,isValid
FN:34,generateBoard
FN:49,(anonymous_3)
FN:65,isValidSudoku
FN:126,initBoard
FN:155,(anonymous_6)
FN:170,isCompleted
FNF:8
FNH:8
FNDA:4,shuffle
FNDA:1350,isValid
FNDA:258,generateBoard
FNDA:1172,(anonymous_3)
FNDA:7,isValidSudoku
FNDA:4,initBoard
FNDA:1872,(anonymous_6)
FNDA:6,isCompleted
DA:3,4
DA:5,4
DA:7,36
DA:8,36
DA:10,36
DA:13,4
DA:23,1350
DA:24,4622
DA:25,4622
DA:26,4622
DA:27,1168
DA:30,182
DA:36,258
DA:38,1604
DA:40,13962
DA:42,182
DA:45,1350
DA:46,182
DA:49,1172
DA:50,72
DA:53,110
DA:57,110
DA:61,76
DA:66,7
DA:67,61
DA:68,61
DA:69,61
DA:71,61
DA:72,548
DA:73,548
DA:74,548
DA:76,548
DA:77,543
DA:78,542
DA:80,547
DA:81,542
DA:82,542
DA:85,547
DA:86,542
DA:87,542
DA:91,6
DA:127,4
DA:128,4
DA:132,1
DA:133,1
DA:137,1
DA:138,1
DA:142,1
DA:143,1
DA:147,1
DA:148,1
DA:151,4
DA:152,208
DA:153,208
DA:154,208
DA:155,1872
DA:164,208
DA:166,4
DA:171,6
DA:172,38
DA:174,2
LF:61
LH:61
BRDA:26,0,0,1168
BRDA:26,0,1,3454
BRDA:26,1,0,4622
BRDA:26,1,1,4113
BRDA:26,1,2,3774
BRDA:40,2,0,182
BRDA:40,2,1,13780
BRDA:45,3,0,182
BRDA:45,3,1,1168
BRDA:49,4,0,72
BRDA:49,4,1,110
BRDA:76,5,0,543
BRDA:76,5,1,5
BRDA:77,6,0,1
BRDA:77,6,1,542
BRDA:80,7,0,542
BRDA:80,7,1,5
BRDA:81,8,0,0
BRDA:81,8,1,542
BRDA:85,9,0,542
BRDA:85,9,1,5
BRDA:86,10,0,0
BRDA:86,10,1,542
BRDA:130,11,0,1
BRDA:130,11,1,1
BRDA:130,11,2,1
BRDA:130,11,3,1
BRDA:172,12,0,4
BRDA:172,12,1,34
BRF:29
BRH:27
end_of_record
TN:
SF:src\state\index.ts
FN:1,(anonymous_0)
FNF:1
FNH:1
FNDA:56730,(anonymous_0)
DA:1,56774
LF:1
LH:1
BRDA:1,0,0,40
BRDA:1,0,1,60
BRF:2
BRH:2
end_of_record
TN:
SF:src\state\actions\actions.ts
FN:3,setBoard
FN:4,(anonymous_1)
FN:11,changeColor
FN:12,(anonymous_3)
FN:20,defaultColors
FN:21,(anonymous_5)
FN:27,setSelection
FN:28,(anonymous_7)
FN:35,setDifficulty
FN:36,(anonymous_9)
FN:43,setTimer
FN:44,(anonymous_11)
FN:51,setEntryMode
FN:52,(anonymous_13)
FN:59,setNotes
FN:60,(anonymous_15)
FN:67,defaultNotes
FN:68,(anonymous_17)
FN:75,setGameState
FN:76,(anonymous_19)
FNF:20
FNH:20
FNDA:10,setBoard
FNDA:10,(anonymous_1)
FNDA:23,changeColor
FNDA:23,(anonymous_3)
FNDA:4,defaultColors
FNDA:4,(anonymous_5)
FNDA:23,setSelection
FNDA:23,(anonymous_7)
FNDA:4,setDifficulty
FNDA:4,(anonymous_9)
FNDA:6,setTimer
FNDA:6,(anonymous_11)
FNDA:4,setEntryMode
FNDA:4,(anonymous_13)
FNDA:10,setNotes
FNDA:10,(anonymous_15)
FNDA:4,defaultNotes
FNDA:4,(anonymous_17)
FNDA:6,setGameState
FNDA:6,(anonymous_19)
DA:3,2
DA:4,10
DA:5,10
DA:11,2
DA:12,23
DA:13,23
DA:20,2
DA:21,4
DA:22,4
DA:27,2
DA:28,23
DA:29,23
DA:35,2
DA:36,4
DA:37,4
DA:43,2
DA:44,6
DA:45,6
DA:51,2
DA:52,4
DA:53,4
DA:59,2
DA:60,10
DA:61,10
DA:67,2
DA:68,4
DA:69,4
DA:75,2
DA:76,6
DA:77,6
LF:30
LH:30
BRF:0
BRH:0
end_of_record
TN:
SF:src\state\actions\types.ts
FNF:0
FNH:0
DA:1,4
DA:3,4
DA:4,4
DA:6,4
DA:8,4
DA:10,4
DA:12,4
DA:14,4
DA:15,4
DA:17,4
LF:10
LH:10
BRF:0
BRH:0
end_of_record
TN:
SF:src\state\reducers\boardReducer.ts
FN:7,boardReducer
FNF:1
FNH:1
FNDA:131,boardReducer
DA:1,4
DA:2,4
DA:6,4
DA:7,131
DA:8,131
DA:10,10
DA:12,121
DA:16,4
LF:8
LH:8
BRDA:7,0,0,107
BRDA:7,0,1,24
BRDA:7,1,0,262
BRDA:7,1,1,131
BRDA:9,2,0,10
BRDA:9,2,1,121
BRF:6
BRH:6
end_of_record
TN:
SF:src\state\reducers\colorReducer.ts
FN:5,initGradient
FN:37,colorReducer
FN:37,(anonymous_2)
FNF:3
FNH:3
FNDA:4,initGradient
FNDA:131,colorReducer
FNDA:131,(anonymous_2)
DA:1,4
DA:5,4
DA:6,4
DA:7,4
DA:8,4
DA:9,200
DA:11,4
DA:14,4
DA:16,4
DA:37,266
DA:39,131
DA:61,131
DA:63,23
DA:64,4
DA:65,4
DA:66,19
DA:67,23
DA:69,4
DA:70,4
DA:72,104
DA:76,4
LF:21
LH:21
BRDA:37,0,0,107
BRDA:37,0,1,24
BRDA:37,1,0,262
BRDA:37,1,1,131
BRDA:62,2,0,23
BRDA:62,2,1,4
BRDA:62,2,2,104
BRDA:63,3,0,4
BRDA:63,3,1,19
BRF:9
BRH:9
end_of_record
TN:
SF:src\state\reducers\difficultyReducer.ts
FN:2,difficultyReducer
FNF:1
FNH:1
FNDA:131,difficultyReducer
DA:1,4
DA:2,131
DA:3,131
DA:5,4
DA:7,127
DA:11,4
LF:6
LH:6
BRDA:2,0,0,94
BRDA:2,0,1,37
BRDA:2,1,0,262
BRDA:2,1,1,131
BRDA:4,2,0,4
BRDA:4,2,1,127
BRF:6
BRH:6
end_of_record
TN:
SF:src\state\reducers\entryModeReducer.ts
FN:3,entryModeReducer
FNF:1
FNH:1
FNDA:131,entryModeReducer
DA:1,4
DA:3,131
DA:4,131
DA:6,4
DA:8,127
DA:12,4
LF:6
LH:6
BRDA:3,0,0,94
BRDA:3,0,1,37
BRDA:3,1,0,262
BRDA:3,1,1,131
BRDA:5,2,0,4
BRDA:5,2,1,127
BRF:6
BRH:6
end_of_record
TN:
SF:src\state\reducers\gameStateReducer.ts
FN:9,gameStateReducer
FNF:1
FNH:1
FNDA:131,gameStateReducer
DA:1,4
DA:4,4
DA:9,131
DA:10,131
DA:12,6
DA:14,125
DA:18,4
LF:7
LH:7
BRDA:9,0,0,99
BRDA:9,0,1,32
BRDA:9,1,0,262
BRDA:9,1,1,131
BRDA:11,2,0,6
BRDA:11,2,1,125
BRF:6
BRH:6
end_of_record
TN:
SF:src\state\reducers\index.ts
FNF:0
FNH:0
DA:1,4
DA:2,4
DA:3,4
DA:4,4
DA:5,4
DA:6,4
DA:7,4
DA:8,4
DA:9,4
DA:11,4
DA:24,4
LF:11
LH:11
BRF:0
BRH:0
end_of_record
TN:
SF:src\state\reducers\notesReducer.ts
FN:3,notesReducer
FNF:1
FNH:1
FNDA:131,notesReducer
DA:1,4
DA:3,131
DA:4,131
DA:6,10
DA:8,4
DA:10,117
DA:14,4
LF:7
LH:7
BRDA:3,0,0,94
BRDA:3,0,1,37
BRDA:3,1,0,262
BRDA:3,1,1,131
BRDA:5,2,0,10
BRDA:5,2,1,4
BRDA:5,2,2,117
BRF:7
BRH:7
end_of_record
TN:
SF:src\state\reducers\selectionReducer.ts
FN:3,selectionReducer
FNF:1
FNH:1
FNDA:131,selectionReducer
DA:1,4
DA:3,131
DA:4,131
DA:6,23
DA:8,108
DA:12,4
LF:6
LH:6
BRDA:3,0,0,94
BRDA:3,0,1,37
BRDA:3,1,0,262
BRDA:3,1,1,131
BRDA:5,2,0,23
BRDA:5,2,1,108
BRF:6
BRH:6
end_of_record
TN:
SF:src\state\reducers\timeReducer.ts
FN:8,timeReducer
FNF:1
FNH:1
FNDA:131,timeReducer
DA:1,4
DA:4,4
DA:8,131
DA:9,131
DA:11,6
DA:13,125
DA:17,4
LF:7
LH:7
BRDA:8,0,0,94
BRDA:8,0,1,37
BRDA:8,1,0,262
BRDA:8,1,1,131
BRDA:10,2,0,6
BRDA:10,2,1,125
BRF:6
BRH:6
end_of_record
